[2025-08-19T05:22:03.722+0000] {local_task_job_runner.py:120} INFO - ::group::Pre task execution logs
[2025-08-19T05:22:03.821+0000] {taskinstance.py:2076} INFO - Dependencies all met for dep_context=non-requeueable deps ti=<TaskInstance: producer_dag.write_file_task manual__2025-08-19T05:21:49.676951+00:00 [queued]>
[2025-08-19T05:22:03.854+0000] {taskinstance.py:2076} INFO - Dependencies all met for dep_context=requeueable deps ti=<TaskInstance: producer_dag.write_file_task manual__2025-08-19T05:21:49.676951+00:00 [queued]>
[2025-08-19T05:22:03.859+0000] {taskinstance.py:2306} INFO - Starting attempt 1 of 1
[2025-08-19T05:22:03.922+0000] {taskinstance.py:2330} INFO - Executing <Task(PythonOperator): write_file_task> on 2025-08-19 05:21:49.676951+00:00
[2025-08-19T05:22:03.994+0000] {warnings.py:110} WARNING - /home/***/.local/lib/python3.12/site-packages/***/task/task_runner/standard_task_runner.py:61: DeprecationWarning: This process (pid=88) is multi-threaded, use of fork() may lead to deadlocks in the child.
  pid = os.fork()

[2025-08-19T05:22:04.007+0000] {standard_task_runner.py:90} INFO - Running: ['***', 'tasks', 'run', 'producer_dag', 'write_file_task', 'manual__2025-08-19T05:21:49.676951+00:00', '--job-id', '12', '--raw', '--subdir', 'DAGS_FOLDER/producer_dag.py', '--cfg-path', '/tmp/tmpluz8olg8']
[2025-08-19T05:22:04.013+0000] {standard_task_runner.py:63} INFO - Started process 97 to run task
[2025-08-19T05:22:04.014+0000] {standard_task_runner.py:91} INFO - Job 12: Subtask write_file_task
[2025-08-19T05:22:04.226+0000] {task_command.py:426} INFO - Running <TaskInstance: producer_dag.write_file_task manual__2025-08-19T05:21:49.676951+00:00 [running]> on host 37fc8edea13d
[2025-08-19T05:22:04.491+0000] {taskinstance.py:2648} INFO - Exporting env vars: AIRFLOW_CTX_DAG_OWNER='***' AIRFLOW_CTX_DAG_ID='producer_dag' AIRFLOW_CTX_TASK_ID='write_file_task' AIRFLOW_CTX_EXECUTION_DATE='2025-08-19T05:21:49.676951+00:00' AIRFLOW_CTX_TRY_NUMBER='1' AIRFLOW_CTX_DAG_RUN_ID='manual__2025-08-19T05:21:49.676951+00:00'
[2025-08-19T05:22:04.496+0000] {taskinstance.py:430} INFO - ::endgroup::
[2025-08-19T05:22:04.525+0000] {logging_mixin.py:188} INFO - File written to: /opt/***/dags/data.txt
[2025-08-19T05:22:04.528+0000] {python.py:237} INFO - Done. Returned value was: None
[2025-08-19T05:22:04.532+0000] {taskinstance.py:441} INFO - ::group::Post task execution logs
[2025-08-19T05:22:04.578+0000] {taskinstance.py:1206} INFO - Marking task as SUCCESS. dag_id=producer_dag, task_id=write_file_task, run_id=manual__2025-08-19T05:21:49.676951+00:00, execution_date=20250819T052149, start_date=20250819T052203, end_date=20250819T052204
[2025-08-19T05:22:04.678+0000] {local_task_job_runner.py:240} INFO - Task exited with return code 0
[2025-08-19T05:22:04.721+0000] {taskinstance.py:3498} INFO - 0 downstream tasks scheduled from follow-on schedule check
[2025-08-19T05:22:04.725+0000] {local_task_job_runner.py:222} INFO - ::endgroup::
