[2025-08-19T05:47:09.626+0000] {local_task_job_runner.py:120} INFO - ::group::Pre task execution logs
[2025-08-19T05:47:09.751+0000] {taskinstance.py:2076} INFO - Dependencies all met for dep_context=non-requeueable deps ti=<TaskInstance: chained_tasks_dag.simulate_file_configuration manual__2025-08-19T05:43:43.543651+00:00 [queued]>
[2025-08-19T05:47:09.786+0000] {taskinstance.py:2076} INFO - Dependencies all met for dep_context=requeueable deps ti=<TaskInstance: chained_tasks_dag.simulate_file_configuration manual__2025-08-19T05:43:43.543651+00:00 [queued]>
[2025-08-19T05:47:09.790+0000] {taskinstance.py:2306} INFO - Starting attempt 1 of 1
[2025-08-19T05:47:09.856+0000] {taskinstance.py:2330} INFO - Executing <Task(BashOperator): simulate_file_configuration> on 2025-08-19 05:43:43.543651+00:00
[2025-08-19T05:47:09.906+0000] {warnings.py:110} WARNING - /home/***/.local/lib/python3.12/site-packages/***/task/task_runner/standard_task_runner.py:61: DeprecationWarning: This process (pid=240) is multi-threaded, use of fork() may lead to deadlocks in the child.
  pid = os.fork()

[2025-08-19T05:47:09.912+0000] {standard_task_runner.py:63} INFO - Started process 249 to run task
[2025-08-19T05:47:09.912+0000] {standard_task_runner.py:90} INFO - Running: ['***', 'tasks', 'run', 'chained_tasks_dag', 'simulate_file_configuration', 'manual__2025-08-19T05:43:43.543651+00:00', '--job-id', '15', '--raw', '--subdir', 'DAGS_FOLDER/chained_dag.py', '--cfg-path', '/tmp/tmpal6f_00x']
[2025-08-19T05:47:09.921+0000] {standard_task_runner.py:91} INFO - Job 15: Subtask simulate_file_configuration
[2025-08-19T05:47:10.181+0000] {task_command.py:426} INFO - Running <TaskInstance: chained_tasks_dag.simulate_file_configuration manual__2025-08-19T05:43:43.543651+00:00 [running]> on host 37fc8edea13d
[2025-08-19T05:47:10.631+0000] {taskinstance.py:2648} INFO - Exporting env vars: AIRFLOW_CTX_DAG_OWNER='***' AIRFLOW_CTX_DAG_ID='chained_tasks_dag' AIRFLOW_CTX_TASK_ID='simulate_file_configuration' AIRFLOW_CTX_EXECUTION_DATE='2025-08-19T05:43:43.543651+00:00' AIRFLOW_CTX_TRY_NUMBER='1' AIRFLOW_CTX_DAG_RUN_ID='manual__2025-08-19T05:43:43.543651+00:00'
[2025-08-19T05:47:10.658+0000] {taskinstance.py:430} INFO - ::endgroup::
[2025-08-19T05:47:10.696+0000] {subprocess.py:63} INFO - Tmp dir root location: /tmp
[2025-08-19T05:47:10.702+0000] {subprocess.py:75} INFO - Running command: ['/usr/bin/bash', '-c', "echo 'Message saved at /opt/***/dags/***_message.txt'"]
[2025-08-19T05:47:10.807+0000] {subprocess.py:86} INFO - Output:
[2025-08-19T05:47:10.882+0000] {subprocess.py:93} INFO - Message saved at /opt/***/dags/***_message.txt
[2025-08-19T05:47:10.889+0000] {subprocess.py:97} INFO - Command exited with return code 0
[2025-08-19T05:47:10.894+0000] {taskinstance.py:441} INFO - ::group::Post task execution logs
[2025-08-19T05:47:12.801+0000] {taskinstance.py:1206} INFO - Marking task as SUCCESS. dag_id=chained_tasks_dag, task_id=simulate_file_configuration, run_id=manual__2025-08-19T05:43:43.543651+00:00, execution_date=20250819T054343, start_date=20250819T054709, end_date=20250819T054712
[2025-08-19T05:47:13.116+0000] {local_task_job_runner.py:240} INFO - Task exited with return code 0
[2025-08-19T05:47:14.169+0000] {taskinstance.py:3498} INFO - 1 downstream tasks scheduled from follow-on schedule check
[2025-08-19T05:47:14.246+0000] {local_task_job_runner.py:222} INFO - ::endgroup::
