[2025-08-19T07:42:36.116+0000] {local_task_job_runner.py:120} INFO - ::group::Pre task execution logs
[2025-08-19T07:42:36.206+0000] {taskinstance.py:2076} INFO - Dependencies all met for dep_context=non-requeueable deps ti=<TaskInstance: etl_pipeline_dag.load_data manual__2025-08-19T07:42:02.216744+00:00 [queued]>
[2025-08-19T07:42:36.227+0000] {taskinstance.py:2076} INFO - Dependencies all met for dep_context=requeueable deps ti=<TaskInstance: etl_pipeline_dag.load_data manual__2025-08-19T07:42:02.216744+00:00 [queued]>
[2025-08-19T07:42:36.228+0000] {taskinstance.py:2306} INFO - Starting attempt 1 of 1
[2025-08-19T07:42:36.261+0000] {taskinstance.py:2330} INFO - Executing <Task(PythonOperator): load_data> on 2025-08-19 07:42:02.216744+00:00
[2025-08-19T07:42:36.296+0000] {warnings.py:110} WARNING - /home/***/.local/lib/python3.12/site-packages/***/task/task_runner/standard_task_runner.py:61: DeprecationWarning: This process (pid=1442) is multi-threaded, use of fork() may lead to deadlocks in the child.
  pid = os.fork()

[2025-08-19T07:42:36.303+0000] {standard_task_runner.py:63} INFO - Started process 1451 to run task
[2025-08-19T07:42:36.301+0000] {standard_task_runner.py:90} INFO - Running: ['***', 'tasks', 'run', 'etl_pipeline_dag', 'load_data', 'manual__2025-08-19T07:42:02.216744+00:00', '--job-id', '19', '--raw', '--subdir', 'DAGS_FOLDER/etl_pipeline_dag.py', '--cfg-path', '/tmp/tmpowhdttwh']
[2025-08-19T07:42:36.310+0000] {standard_task_runner.py:91} INFO - Job 19: Subtask load_data
[2025-08-19T07:42:36.469+0000] {task_command.py:426} INFO - Running <TaskInstance: etl_pipeline_dag.load_data manual__2025-08-19T07:42:02.216744+00:00 [running]> on host 37fc8edea13d
[2025-08-19T07:42:36.731+0000] {taskinstance.py:2648} INFO - Exporting env vars: AIRFLOW_CTX_DAG_OWNER='***' AIRFLOW_CTX_DAG_ID='etl_pipeline_dag' AIRFLOW_CTX_TASK_ID='load_data' AIRFLOW_CTX_EXECUTION_DATE='2025-08-19T07:42:02.216744+00:00' AIRFLOW_CTX_TRY_NUMBER='1' AIRFLOW_CTX_DAG_RUN_ID='manual__2025-08-19T07:42:02.216744+00:00'
[2025-08-19T07:42:36.744+0000] {taskinstance.py:430} INFO - ::endgroup::
[2025-08-19T07:42:36.759+0000] {logging_mixin.py:188} INFO - [Load] Final transformed data loaded: 1500
[2025-08-19T07:42:36.762+0000] {python.py:237} INFO - Done. Returned value was: None
[2025-08-19T07:42:36.764+0000] {taskinstance.py:441} INFO - ::group::Post task execution logs
[2025-08-19T07:42:36.799+0000] {taskinstance.py:1206} INFO - Marking task as SUCCESS. dag_id=etl_pipeline_dag, task_id=load_data, run_id=manual__2025-08-19T07:42:02.216744+00:00, execution_date=20250819T074202, start_date=20250819T074236, end_date=20250819T074236
[2025-08-19T07:42:36.967+0000] {local_task_job_runner.py:240} INFO - Task exited with return code 0
[2025-08-19T07:42:37.099+0000] {taskinstance.py:3498} INFO - 0 downstream tasks scheduled from follow-on schedule check
[2025-08-19T07:42:37.186+0000] {local_task_job_runner.py:222} INFO - ::endgroup::
