[2025-08-19T08:06:56.996+0000] {processor.py:161} INFO - Started process (PID=16502) to work on /opt/airflow/dags/data_audit_dag.py
[2025-08-19T08:06:57.001+0000] {processor.py:830} INFO - Processing file /opt/airflow/dags/data_audit_dag.py for tasks to queue
[2025-08-19T08:06:57.005+0000] {logging_mixin.py:188} INFO - [2025-08-19T08:06:57.003+0000] {dagbag.py:545} INFO - Filling up the DagBag from /opt/airflow/dags/data_audit_dag.py
[2025-08-19T08:06:57.105+0000] {processor.py:840} INFO - DAG(s) 'data_audit_dag' retrieved from /opt/airflow/dags/data_audit_dag.py
[2025-08-19T08:06:57.819+0000] {logging_mixin.py:188} INFO - [2025-08-19T08:06:57.815+0000] {override.py:1829} INFO - Created Permission View: can read on DAG:data_audit_dag
[2025-08-19T08:06:57.847+0000] {logging_mixin.py:188} INFO - [2025-08-19T08:06:57.847+0000] {override.py:1829} INFO - Created Permission View: can edit on DAG:data_audit_dag
[2025-08-19T08:06:57.876+0000] {logging_mixin.py:188} INFO - [2025-08-19T08:06:57.875+0000] {override.py:1829} INFO - Created Permission View: can delete on DAG:data_audit_dag
[2025-08-19T08:06:57.879+0000] {logging_mixin.py:188} INFO - [2025-08-19T08:06:57.879+0000] {dag.py:3096} INFO - Sync 1 DAGs
[2025-08-19T08:06:57.916+0000] {logging_mixin.py:188} INFO - [2025-08-19T08:06:57.915+0000] {dag.py:3118} INFO - Creating ORM DAG for data_audit_dag
[2025-08-19T08:06:57.949+0000] {logging_mixin.py:188} INFO - [2025-08-19T08:06:57.949+0000] {dag.py:3954} INFO - Setting next_dagrun for data_audit_dag to 2025-08-19 07:00:00+00:00, run_after=2025-08-19 08:00:00+00:00
[2025-08-19T08:06:58.033+0000] {processor.py:183} INFO - Processing /opt/airflow/dags/data_audit_dag.py took 1.058 seconds
[2025-08-19T08:07:28.604+0000] {processor.py:161} INFO - Started process (PID=16564) to work on /opt/airflow/dags/data_audit_dag.py
[2025-08-19T08:07:28.606+0000] {processor.py:830} INFO - Processing file /opt/airflow/dags/data_audit_dag.py for tasks to queue
[2025-08-19T08:07:28.609+0000] {logging_mixin.py:188} INFO - [2025-08-19T08:07:28.608+0000] {dagbag.py:545} INFO - Filling up the DagBag from /opt/airflow/dags/data_audit_dag.py
[2025-08-19T08:07:28.644+0000] {processor.py:840} INFO - DAG(s) 'data_audit_dag' retrieved from /opt/airflow/dags/data_audit_dag.py
[2025-08-19T08:07:28.683+0000] {logging_mixin.py:188} INFO - [2025-08-19T08:07:28.683+0000] {dag.py:3096} INFO - Sync 1 DAGs
[2025-08-19T08:07:28.716+0000] {logging_mixin.py:188} INFO - [2025-08-19T08:07:28.716+0000] {dag.py:3954} INFO - Setting next_dagrun for data_audit_dag to 2025-08-19 07:00:00+00:00, run_after=2025-08-19 08:00:00+00:00
[2025-08-19T08:07:28.753+0000] {processor.py:183} INFO - Processing /opt/airflow/dags/data_audit_dag.py took 0.161 seconds
[2025-08-19T08:07:30.961+0000] {processor.py:161} INFO - Started process (PID=16566) to work on /opt/airflow/dags/data_audit_dag.py
[2025-08-19T08:07:30.964+0000] {processor.py:830} INFO - Processing file /opt/airflow/dags/data_audit_dag.py for tasks to queue
[2025-08-19T08:07:30.966+0000] {logging_mixin.py:188} INFO - [2025-08-19T08:07:30.965+0000] {dagbag.py:545} INFO - Filling up the DagBag from /opt/airflow/dags/data_audit_dag.py
[2025-08-19T08:07:31.058+0000] {processor.py:840} INFO - DAG(s) 'data_audit_dag' retrieved from /opt/airflow/dags/data_audit_dag.py
[2025-08-19T08:07:31.141+0000] {logging_mixin.py:188} INFO - [2025-08-19T08:07:31.141+0000] {dag.py:3096} INFO - Sync 1 DAGs
[2025-08-19T08:07:31.185+0000] {logging_mixin.py:188} INFO - [2025-08-19T08:07:31.185+0000] {dag.py:3954} INFO - Setting next_dagrun for data_audit_dag to 2025-08-19 07:00:00+00:00, run_after=2025-08-19 08:00:00+00:00
[2025-08-19T08:07:31.239+0000] {processor.py:183} INFO - Processing /opt/airflow/dags/data_audit_dag.py took 0.293 seconds
[2025-08-19T08:08:01.582+0000] {processor.py:161} INFO - Started process (PID=16629) to work on /opt/airflow/dags/data_audit_dag.py
[2025-08-19T08:08:01.584+0000] {processor.py:830} INFO - Processing file /opt/airflow/dags/data_audit_dag.py for tasks to queue
[2025-08-19T08:08:01.586+0000] {logging_mixin.py:188} INFO - [2025-08-19T08:08:01.585+0000] {dagbag.py:545} INFO - Filling up the DagBag from /opt/airflow/dags/data_audit_dag.py
[2025-08-19T08:08:01.621+0000] {processor.py:840} INFO - DAG(s) 'data_audit_dag' retrieved from /opt/airflow/dags/data_audit_dag.py
[2025-08-19T08:08:01.665+0000] {logging_mixin.py:188} INFO - [2025-08-19T08:08:01.664+0000] {dag.py:3096} INFO - Sync 1 DAGs
[2025-08-19T08:08:01.705+0000] {logging_mixin.py:188} INFO - [2025-08-19T08:08:01.704+0000] {dag.py:3954} INFO - Setting next_dagrun for data_audit_dag to 2025-08-19 07:00:00+00:00, run_after=2025-08-19 08:00:00+00:00
[2025-08-19T08:08:01.741+0000] {processor.py:183} INFO - Processing /opt/airflow/dags/data_audit_dag.py took 0.171 seconds
[2025-08-19T08:08:32.019+0000] {processor.py:161} INFO - Started process (PID=16693) to work on /opt/airflow/dags/data_audit_dag.py
[2025-08-19T08:08:32.022+0000] {processor.py:830} INFO - Processing file /opt/airflow/dags/data_audit_dag.py for tasks to queue
[2025-08-19T08:08:32.024+0000] {logging_mixin.py:188} INFO - [2025-08-19T08:08:32.023+0000] {dagbag.py:545} INFO - Filling up the DagBag from /opt/airflow/dags/data_audit_dag.py
[2025-08-19T08:08:32.052+0000] {processor.py:840} INFO - DAG(s) 'data_audit_dag' retrieved from /opt/airflow/dags/data_audit_dag.py
[2025-08-19T08:08:32.086+0000] {logging_mixin.py:188} INFO - [2025-08-19T08:08:32.085+0000] {dag.py:3096} INFO - Sync 1 DAGs
[2025-08-19T08:08:32.117+0000] {logging_mixin.py:188} INFO - [2025-08-19T08:08:32.116+0000] {dag.py:3954} INFO - Setting next_dagrun for data_audit_dag to 2025-08-19 07:00:00+00:00, run_after=2025-08-19 08:00:00+00:00
[2025-08-19T08:08:32.151+0000] {processor.py:183} INFO - Processing /opt/airflow/dags/data_audit_dag.py took 0.143 seconds
[2025-08-19T08:09:03.006+0000] {processor.py:161} INFO - Started process (PID=16757) to work on /opt/airflow/dags/data_audit_dag.py
[2025-08-19T08:09:03.008+0000] {processor.py:830} INFO - Processing file /opt/airflow/dags/data_audit_dag.py for tasks to queue
[2025-08-19T08:09:03.011+0000] {logging_mixin.py:188} INFO - [2025-08-19T08:09:03.010+0000] {dagbag.py:545} INFO - Filling up the DagBag from /opt/airflow/dags/data_audit_dag.py
[2025-08-19T08:09:03.048+0000] {processor.py:840} INFO - DAG(s) 'data_audit_dag' retrieved from /opt/airflow/dags/data_audit_dag.py
[2025-08-19T08:09:03.113+0000] {logging_mixin.py:188} INFO - [2025-08-19T08:09:03.112+0000] {dag.py:3096} INFO - Sync 1 DAGs
[2025-08-19T08:09:03.147+0000] {logging_mixin.py:188} INFO - [2025-08-19T08:09:03.146+0000] {dag.py:3954} INFO - Setting next_dagrun for data_audit_dag to 2025-08-19 07:00:00+00:00, run_after=2025-08-19 08:00:00+00:00
[2025-08-19T08:09:03.202+0000] {processor.py:183} INFO - Processing /opt/airflow/dags/data_audit_dag.py took 0.207 seconds
[2025-08-19T08:09:33.413+0000] {processor.py:161} INFO - Started process (PID=16821) to work on /opt/airflow/dags/data_audit_dag.py
[2025-08-19T08:09:33.416+0000] {processor.py:830} INFO - Processing file /opt/airflow/dags/data_audit_dag.py for tasks to queue
[2025-08-19T08:09:33.418+0000] {logging_mixin.py:188} INFO - [2025-08-19T08:09:33.417+0000] {dagbag.py:545} INFO - Filling up the DagBag from /opt/airflow/dags/data_audit_dag.py
[2025-08-19T08:09:33.464+0000] {processor.py:840} INFO - DAG(s) 'data_audit_dag' retrieved from /opt/airflow/dags/data_audit_dag.py
[2025-08-19T08:09:33.513+0000] {logging_mixin.py:188} INFO - [2025-08-19T08:09:33.513+0000] {dag.py:3096} INFO - Sync 1 DAGs
[2025-08-19T08:09:33.551+0000] {logging_mixin.py:188} INFO - [2025-08-19T08:09:33.551+0000] {dag.py:3954} INFO - Setting next_dagrun for data_audit_dag to 2025-08-19 07:00:00+00:00, run_after=2025-08-19 08:00:00+00:00
[2025-08-19T08:09:33.589+0000] {processor.py:183} INFO - Processing /opt/airflow/dags/data_audit_dag.py took 0.190 seconds
[2025-08-19T08:10:03.929+0000] {processor.py:161} INFO - Started process (PID=16886) to work on /opt/airflow/dags/data_audit_dag.py
[2025-08-19T08:10:03.930+0000] {processor.py:830} INFO - Processing file /opt/airflow/dags/data_audit_dag.py for tasks to queue
[2025-08-19T08:10:03.932+0000] {logging_mixin.py:188} INFO - [2025-08-19T08:10:03.931+0000] {dagbag.py:545} INFO - Filling up the DagBag from /opt/airflow/dags/data_audit_dag.py
[2025-08-19T08:10:03.962+0000] {processor.py:840} INFO - DAG(s) 'data_audit_dag' retrieved from /opt/airflow/dags/data_audit_dag.py
[2025-08-19T08:10:03.998+0000] {logging_mixin.py:188} INFO - [2025-08-19T08:10:03.998+0000] {dag.py:3096} INFO - Sync 1 DAGs
[2025-08-19T08:10:04.028+0000] {logging_mixin.py:188} INFO - [2025-08-19T08:10:04.028+0000] {dag.py:3954} INFO - Setting next_dagrun for data_audit_dag to 2025-08-19 07:00:00+00:00, run_after=2025-08-19 08:00:00+00:00
[2025-08-19T08:10:04.081+0000] {processor.py:183} INFO - Processing /opt/airflow/dags/data_audit_dag.py took 0.161 seconds
[2025-08-19T08:10:34.754+0000] {processor.py:161} INFO - Started process (PID=16949) to work on /opt/airflow/dags/data_audit_dag.py
[2025-08-19T08:10:34.756+0000] {processor.py:830} INFO - Processing file /opt/airflow/dags/data_audit_dag.py for tasks to queue
[2025-08-19T08:10:34.757+0000] {logging_mixin.py:188} INFO - [2025-08-19T08:10:34.757+0000] {dagbag.py:545} INFO - Filling up the DagBag from /opt/airflow/dags/data_audit_dag.py
[2025-08-19T08:10:34.788+0000] {processor.py:840} INFO - DAG(s) 'data_audit_dag' retrieved from /opt/airflow/dags/data_audit_dag.py
[2025-08-19T08:10:34.822+0000] {logging_mixin.py:188} INFO - [2025-08-19T08:10:34.822+0000] {dag.py:3096} INFO - Sync 1 DAGs
[2025-08-19T08:10:34.853+0000] {logging_mixin.py:188} INFO - [2025-08-19T08:10:34.853+0000] {dag.py:3954} INFO - Setting next_dagrun for data_audit_dag to 2025-08-19 07:00:00+00:00, run_after=2025-08-19 08:00:00+00:00
[2025-08-19T08:10:35.616+0000] {processor.py:183} INFO - Processing /opt/airflow/dags/data_audit_dag.py took 0.871 seconds
[2025-08-19T08:20:26.234+0000] {processor.py:161} INFO - Started process (PID=16982) to work on /opt/airflow/dags/data_audit_dag.py
[2025-08-19T08:20:26.238+0000] {processor.py:830} INFO - Processing file /opt/airflow/dags/data_audit_dag.py for tasks to queue
[2025-08-19T08:20:26.244+0000] {logging_mixin.py:188} INFO - [2025-08-19T08:20:26.241+0000] {dagbag.py:545} INFO - Filling up the DagBag from /opt/airflow/dags/data_audit_dag.py
[2025-08-19T08:20:26.345+0000] {processor.py:840} INFO - DAG(s) 'data_audit_dag' retrieved from /opt/airflow/dags/data_audit_dag.py
[2025-08-19T08:20:26.668+0000] {logging_mixin.py:188} INFO - [2025-08-19T08:20:26.662+0000] {dag.py:3096} INFO - Sync 1 DAGs
[2025-08-19T08:20:26.839+0000] {logging_mixin.py:188} INFO - [2025-08-19T08:20:26.838+0000] {dag.py:3954} INFO - Setting next_dagrun for data_audit_dag to 2025-08-19 07:00:00+00:00, run_after=2025-08-19 08:00:00+00:00
[2025-08-19T08:20:26.931+0000] {processor.py:183} INFO - Processing /opt/airflow/dags/data_audit_dag.py took 0.719 seconds
[2025-08-19T08:20:57.208+0000] {processor.py:161} INFO - Started process (PID=17046) to work on /opt/airflow/dags/data_audit_dag.py
[2025-08-19T08:20:57.210+0000] {processor.py:830} INFO - Processing file /opt/airflow/dags/data_audit_dag.py for tasks to queue
[2025-08-19T08:20:57.212+0000] {logging_mixin.py:188} INFO - [2025-08-19T08:20:57.211+0000] {dagbag.py:545} INFO - Filling up the DagBag from /opt/airflow/dags/data_audit_dag.py
[2025-08-19T08:20:57.247+0000] {processor.py:840} INFO - DAG(s) 'data_audit_dag' retrieved from /opt/airflow/dags/data_audit_dag.py
[2025-08-19T08:20:57.291+0000] {logging_mixin.py:188} INFO - [2025-08-19T08:20:57.291+0000] {dag.py:3096} INFO - Sync 1 DAGs
[2025-08-19T08:20:57.326+0000] {logging_mixin.py:188} INFO - [2025-08-19T08:20:57.325+0000] {dag.py:3954} INFO - Setting next_dagrun for data_audit_dag to 2025-08-19 07:00:00+00:00, run_after=2025-08-19 08:00:00+00:00
[2025-08-19T08:20:57.362+0000] {processor.py:183} INFO - Processing /opt/airflow/dags/data_audit_dag.py took 0.163 seconds
[2025-08-19T08:21:28.266+0000] {processor.py:161} INFO - Started process (PID=17108) to work on /opt/airflow/dags/data_audit_dag.py
[2025-08-19T08:21:28.268+0000] {processor.py:830} INFO - Processing file /opt/airflow/dags/data_audit_dag.py for tasks to queue
[2025-08-19T08:21:28.270+0000] {logging_mixin.py:188} INFO - [2025-08-19T08:21:28.269+0000] {dagbag.py:545} INFO - Filling up the DagBag from /opt/airflow/dags/data_audit_dag.py
[2025-08-19T08:21:28.296+0000] {processor.py:840} INFO - DAG(s) 'data_audit_dag' retrieved from /opt/airflow/dags/data_audit_dag.py
[2025-08-19T08:21:28.330+0000] {logging_mixin.py:188} INFO - [2025-08-19T08:21:28.329+0000] {dag.py:3096} INFO - Sync 1 DAGs
[2025-08-19T08:21:28.358+0000] {logging_mixin.py:188} INFO - [2025-08-19T08:21:28.358+0000] {dag.py:3954} INFO - Setting next_dagrun for data_audit_dag to 2025-08-19 07:00:00+00:00, run_after=2025-08-19 08:00:00+00:00
[2025-08-19T08:21:28.394+0000] {processor.py:183} INFO - Processing /opt/airflow/dags/data_audit_dag.py took 0.136 seconds
[2025-08-19T08:21:58.929+0000] {processor.py:161} INFO - Started process (PID=17172) to work on /opt/airflow/dags/data_audit_dag.py
[2025-08-19T08:21:58.931+0000] {processor.py:830} INFO - Processing file /opt/airflow/dags/data_audit_dag.py for tasks to queue
[2025-08-19T08:21:58.933+0000] {logging_mixin.py:188} INFO - [2025-08-19T08:21:58.932+0000] {dagbag.py:545} INFO - Filling up the DagBag from /opt/airflow/dags/data_audit_dag.py
[2025-08-19T08:21:58.963+0000] {processor.py:840} INFO - DAG(s) 'data_audit_dag' retrieved from /opt/airflow/dags/data_audit_dag.py
[2025-08-19T08:21:58.999+0000] {logging_mixin.py:188} INFO - [2025-08-19T08:21:58.999+0000] {dag.py:3096} INFO - Sync 1 DAGs
[2025-08-19T08:21:59.030+0000] {logging_mixin.py:188} INFO - [2025-08-19T08:21:59.030+0000] {dag.py:3954} INFO - Setting next_dagrun for data_audit_dag to 2025-08-19 07:00:00+00:00, run_after=2025-08-19 08:00:00+00:00
[2025-08-19T08:21:59.065+0000] {processor.py:183} INFO - Processing /opt/airflow/dags/data_audit_dag.py took 0.145 seconds
[2025-08-19T08:22:29.523+0000] {processor.py:161} INFO - Started process (PID=17242) to work on /opt/airflow/dags/data_audit_dag.py
[2025-08-19T08:22:29.525+0000] {processor.py:830} INFO - Processing file /opt/airflow/dags/data_audit_dag.py for tasks to queue
[2025-08-19T08:22:29.527+0000] {logging_mixin.py:188} INFO - [2025-08-19T08:22:29.526+0000] {dagbag.py:545} INFO - Filling up the DagBag from /opt/airflow/dags/data_audit_dag.py
[2025-08-19T08:22:29.562+0000] {processor.py:840} INFO - DAG(s) 'data_audit_dag' retrieved from /opt/airflow/dags/data_audit_dag.py
[2025-08-19T08:22:29.615+0000] {logging_mixin.py:188} INFO - [2025-08-19T08:22:29.615+0000] {dag.py:3096} INFO - Sync 1 DAGs
[2025-08-19T08:22:29.667+0000] {logging_mixin.py:188} INFO - [2025-08-19T08:22:29.667+0000] {dag.py:3954} INFO - Setting next_dagrun for data_audit_dag to 2025-08-19 07:00:00+00:00, run_after=2025-08-19 08:00:00+00:00
[2025-08-19T08:22:29.717+0000] {processor.py:183} INFO - Processing /opt/airflow/dags/data_audit_dag.py took 0.204 seconds
[2025-08-19T08:23:00.463+0000] {processor.py:161} INFO - Started process (PID=17306) to work on /opt/airflow/dags/data_audit_dag.py
[2025-08-19T08:23:00.465+0000] {processor.py:830} INFO - Processing file /opt/airflow/dags/data_audit_dag.py for tasks to queue
[2025-08-19T08:23:00.468+0000] {logging_mixin.py:188} INFO - [2025-08-19T08:23:00.467+0000] {dagbag.py:545} INFO - Filling up the DagBag from /opt/airflow/dags/data_audit_dag.py
[2025-08-19T08:23:00.516+0000] {processor.py:840} INFO - DAG(s) 'data_audit_dag' retrieved from /opt/airflow/dags/data_audit_dag.py
[2025-08-19T08:23:00.573+0000] {logging_mixin.py:188} INFO - [2025-08-19T08:23:00.572+0000] {dag.py:3096} INFO - Sync 1 DAGs
[2025-08-19T08:23:00.628+0000] {logging_mixin.py:188} INFO - [2025-08-19T08:23:00.628+0000] {dag.py:3954} INFO - Setting next_dagrun for data_audit_dag to 2025-08-19 07:00:00+00:00, run_after=2025-08-19 08:00:00+00:00
[2025-08-19T08:23:00.688+0000] {processor.py:183} INFO - Processing /opt/airflow/dags/data_audit_dag.py took 0.240 seconds
[2025-08-19T08:23:31.444+0000] {processor.py:161} INFO - Started process (PID=17370) to work on /opt/airflow/dags/data_audit_dag.py
[2025-08-19T08:23:31.448+0000] {processor.py:830} INFO - Processing file /opt/airflow/dags/data_audit_dag.py for tasks to queue
[2025-08-19T08:23:31.451+0000] {logging_mixin.py:188} INFO - [2025-08-19T08:23:31.450+0000] {dagbag.py:545} INFO - Filling up the DagBag from /opt/airflow/dags/data_audit_dag.py
[2025-08-19T08:23:31.512+0000] {processor.py:840} INFO - DAG(s) 'data_audit_dag' retrieved from /opt/airflow/dags/data_audit_dag.py
[2025-08-19T08:23:31.576+0000] {logging_mixin.py:188} INFO - [2025-08-19T08:23:31.575+0000] {dag.py:3096} INFO - Sync 1 DAGs
[2025-08-19T08:23:31.642+0000] {logging_mixin.py:188} INFO - [2025-08-19T08:23:31.642+0000] {dag.py:3954} INFO - Setting next_dagrun for data_audit_dag to 2025-08-19 07:00:00+00:00, run_after=2025-08-19 08:00:00+00:00
[2025-08-19T08:23:31.707+0000] {processor.py:183} INFO - Processing /opt/airflow/dags/data_audit_dag.py took 0.294 seconds
[2025-08-19T08:24:02.115+0000] {processor.py:161} INFO - Started process (PID=17435) to work on /opt/airflow/dags/data_audit_dag.py
[2025-08-19T08:24:02.117+0000] {processor.py:830} INFO - Processing file /opt/airflow/dags/data_audit_dag.py for tasks to queue
[2025-08-19T08:24:02.120+0000] {logging_mixin.py:188} INFO - [2025-08-19T08:24:02.119+0000] {dagbag.py:545} INFO - Filling up the DagBag from /opt/airflow/dags/data_audit_dag.py
[2025-08-19T08:24:02.169+0000] {processor.py:840} INFO - DAG(s) 'data_audit_dag' retrieved from /opt/airflow/dags/data_audit_dag.py
[2025-08-19T08:24:02.233+0000] {logging_mixin.py:188} INFO - [2025-08-19T08:24:02.233+0000] {dag.py:3096} INFO - Sync 1 DAGs
[2025-08-19T08:24:02.298+0000] {logging_mixin.py:188} INFO - [2025-08-19T08:24:02.297+0000] {dag.py:3954} INFO - Setting next_dagrun for data_audit_dag to 2025-08-19 07:00:00+00:00, run_after=2025-08-19 08:00:00+00:00
[2025-08-19T08:24:02.366+0000] {processor.py:183} INFO - Processing /opt/airflow/dags/data_audit_dag.py took 0.273 seconds
[2025-08-19T08:24:33.985+0000] {processor.py:161} INFO - Started process (PID=17497) to work on /opt/airflow/dags/data_audit_dag.py
[2025-08-19T08:24:33.987+0000] {processor.py:830} INFO - Processing file /opt/airflow/dags/data_audit_dag.py for tasks to queue
[2025-08-19T08:24:33.989+0000] {logging_mixin.py:188} INFO - [2025-08-19T08:24:33.989+0000] {dagbag.py:545} INFO - Filling up the DagBag from /opt/airflow/dags/data_audit_dag.py
[2025-08-19T08:24:34.028+0000] {processor.py:840} INFO - DAG(s) 'data_audit_dag' retrieved from /opt/airflow/dags/data_audit_dag.py
[2025-08-19T08:24:34.076+0000] {logging_mixin.py:188} INFO - [2025-08-19T08:24:34.075+0000] {dag.py:3096} INFO - Sync 1 DAGs
[2025-08-19T08:24:34.121+0000] {logging_mixin.py:188} INFO - [2025-08-19T08:24:34.120+0000] {dag.py:3954} INFO - Setting next_dagrun for data_audit_dag to 2025-08-19 07:00:00+00:00, run_after=2025-08-19 08:00:00+00:00
[2025-08-19T08:24:34.173+0000] {processor.py:183} INFO - Processing /opt/airflow/dags/data_audit_dag.py took 0.202 seconds
[2025-08-19T08:25:04.599+0000] {processor.py:161} INFO - Started process (PID=17561) to work on /opt/airflow/dags/data_audit_dag.py
[2025-08-19T08:25:04.602+0000] {processor.py:830} INFO - Processing file /opt/airflow/dags/data_audit_dag.py for tasks to queue
[2025-08-19T08:25:04.607+0000] {logging_mixin.py:188} INFO - [2025-08-19T08:25:04.605+0000] {dagbag.py:545} INFO - Filling up the DagBag from /opt/airflow/dags/data_audit_dag.py
[2025-08-19T08:25:04.664+0000] {processor.py:840} INFO - DAG(s) 'data_audit_dag' retrieved from /opt/airflow/dags/data_audit_dag.py
[2025-08-19T08:25:04.740+0000] {logging_mixin.py:188} INFO - [2025-08-19T08:25:04.739+0000] {dag.py:3096} INFO - Sync 1 DAGs
[2025-08-19T08:25:04.820+0000] {logging_mixin.py:188} INFO - [2025-08-19T08:25:04.819+0000] {dag.py:3954} INFO - Setting next_dagrun for data_audit_dag to 2025-08-19 07:00:00+00:00, run_after=2025-08-19 08:00:00+00:00
[2025-08-19T08:25:04.896+0000] {processor.py:183} INFO - Processing /opt/airflow/dags/data_audit_dag.py took 0.320 seconds
[2025-08-19T08:25:35.054+0000] {processor.py:161} INFO - Started process (PID=17619) to work on /opt/airflow/dags/data_audit_dag.py
[2025-08-19T08:25:35.058+0000] {processor.py:830} INFO - Processing file /opt/airflow/dags/data_audit_dag.py for tasks to queue
[2025-08-19T08:25:35.060+0000] {logging_mixin.py:188} INFO - [2025-08-19T08:25:35.059+0000] {dagbag.py:545} INFO - Filling up the DagBag from /opt/airflow/dags/data_audit_dag.py
[2025-08-19T08:25:35.102+0000] {processor.py:840} INFO - DAG(s) 'data_audit_dag' retrieved from /opt/airflow/dags/data_audit_dag.py
[2025-08-19T08:25:35.152+0000] {logging_mixin.py:188} INFO - [2025-08-19T08:25:35.151+0000] {dag.py:3096} INFO - Sync 1 DAGs
[2025-08-19T08:25:35.196+0000] {logging_mixin.py:188} INFO - [2025-08-19T08:25:35.196+0000] {dag.py:3954} INFO - Setting next_dagrun for data_audit_dag to 2025-08-19 07:00:00+00:00, run_after=2025-08-19 08:00:00+00:00
[2025-08-19T08:25:35.251+0000] {processor.py:183} INFO - Processing /opt/airflow/dags/data_audit_dag.py took 0.217 seconds
[2025-08-19T08:26:05.339+0000] {processor.py:161} INFO - Started process (PID=17681) to work on /opt/airflow/dags/data_audit_dag.py
[2025-08-19T08:26:05.342+0000] {processor.py:830} INFO - Processing file /opt/airflow/dags/data_audit_dag.py for tasks to queue
[2025-08-19T08:26:05.344+0000] {logging_mixin.py:188} INFO - [2025-08-19T08:26:05.344+0000] {dagbag.py:545} INFO - Filling up the DagBag from /opt/airflow/dags/data_audit_dag.py
[2025-08-19T08:26:05.374+0000] {processor.py:840} INFO - DAG(s) 'data_audit_dag' retrieved from /opt/airflow/dags/data_audit_dag.py
[2025-08-19T08:26:05.414+0000] {logging_mixin.py:188} INFO - [2025-08-19T08:26:05.414+0000] {dag.py:3096} INFO - Sync 1 DAGs
[2025-08-19T08:26:05.453+0000] {logging_mixin.py:188} INFO - [2025-08-19T08:26:05.453+0000] {dag.py:3954} INFO - Setting next_dagrun for data_audit_dag to 2025-08-19 07:00:00+00:00, run_after=2025-08-19 08:00:00+00:00
[2025-08-19T08:26:05.519+0000] {processor.py:183} INFO - Processing /opt/airflow/dags/data_audit_dag.py took 0.191 seconds
[2025-08-19T08:26:35.905+0000] {processor.py:161} INFO - Started process (PID=17741) to work on /opt/airflow/dags/data_audit_dag.py
[2025-08-19T08:26:35.908+0000] {processor.py:830} INFO - Processing file /opt/airflow/dags/data_audit_dag.py for tasks to queue
[2025-08-19T08:26:35.911+0000] {logging_mixin.py:188} INFO - [2025-08-19T08:26:35.910+0000] {dagbag.py:545} INFO - Filling up the DagBag from /opt/airflow/dags/data_audit_dag.py
[2025-08-19T08:26:35.996+0000] {processor.py:840} INFO - DAG(s) 'data_audit_dag' retrieved from /opt/airflow/dags/data_audit_dag.py
[2025-08-19T08:26:36.897+0000] {logging_mixin.py:188} INFO - [2025-08-19T08:26:36.892+0000] {dag.py:3096} INFO - Sync 1 DAGs
[2025-08-19T08:26:37.052+0000] {logging_mixin.py:188} INFO - [2025-08-19T08:26:37.052+0000] {dag.py:3954} INFO - Setting next_dagrun for data_audit_dag to 2025-08-19 07:00:00+00:00, run_after=2025-08-19 08:00:00+00:00
[2025-08-19T08:26:37.157+0000] {processor.py:183} INFO - Processing /opt/airflow/dags/data_audit_dag.py took 1.285 seconds
[2025-08-19T08:27:07.337+0000] {processor.py:161} INFO - Started process (PID=17798) to work on /opt/airflow/dags/data_audit_dag.py
[2025-08-19T08:27:07.340+0000] {processor.py:830} INFO - Processing file /opt/airflow/dags/data_audit_dag.py for tasks to queue
[2025-08-19T08:27:07.343+0000] {logging_mixin.py:188} INFO - [2025-08-19T08:27:07.342+0000] {dagbag.py:545} INFO - Filling up the DagBag from /opt/airflow/dags/data_audit_dag.py
[2025-08-19T08:27:07.393+0000] {processor.py:840} INFO - DAG(s) 'data_audit_dag' retrieved from /opt/airflow/dags/data_audit_dag.py
[2025-08-19T08:27:07.442+0000] {logging_mixin.py:188} INFO - [2025-08-19T08:27:07.442+0000] {dag.py:3096} INFO - Sync 1 DAGs
[2025-08-19T08:27:07.490+0000] {logging_mixin.py:188} INFO - [2025-08-19T08:27:07.490+0000] {dag.py:3954} INFO - Setting next_dagrun for data_audit_dag to 2025-08-19 07:00:00+00:00, run_after=2025-08-19 08:00:00+00:00
[2025-08-19T08:27:07.539+0000] {processor.py:183} INFO - Processing /opt/airflow/dags/data_audit_dag.py took 0.218 seconds
[2025-08-19T08:27:38.087+0000] {processor.py:161} INFO - Started process (PID=17862) to work on /opt/airflow/dags/data_audit_dag.py
[2025-08-19T08:27:38.090+0000] {processor.py:830} INFO - Processing file /opt/airflow/dags/data_audit_dag.py for tasks to queue
[2025-08-19T08:27:38.094+0000] {logging_mixin.py:188} INFO - [2025-08-19T08:27:38.093+0000] {dagbag.py:545} INFO - Filling up the DagBag from /opt/airflow/dags/data_audit_dag.py
[2025-08-19T08:27:38.152+0000] {processor.py:840} INFO - DAG(s) 'data_audit_dag' retrieved from /opt/airflow/dags/data_audit_dag.py
[2025-08-19T08:27:38.229+0000] {logging_mixin.py:188} INFO - [2025-08-19T08:27:38.228+0000] {dag.py:3096} INFO - Sync 1 DAGs
[2025-08-19T08:27:38.293+0000] {logging_mixin.py:188} INFO - [2025-08-19T08:27:38.292+0000] {dag.py:3954} INFO - Setting next_dagrun for data_audit_dag to 2025-08-19 07:00:00+00:00, run_after=2025-08-19 08:00:00+00:00
[2025-08-19T08:27:38.352+0000] {processor.py:183} INFO - Processing /opt/airflow/dags/data_audit_dag.py took 0.286 seconds
[2025-08-19T08:28:08.713+0000] {processor.py:161} INFO - Started process (PID=17926) to work on /opt/airflow/dags/data_audit_dag.py
[2025-08-19T08:28:08.715+0000] {processor.py:830} INFO - Processing file /opt/airflow/dags/data_audit_dag.py for tasks to queue
[2025-08-19T08:28:08.717+0000] {logging_mixin.py:188} INFO - [2025-08-19T08:28:08.717+0000] {dagbag.py:545} INFO - Filling up the DagBag from /opt/airflow/dags/data_audit_dag.py
[2025-08-19T08:28:08.773+0000] {processor.py:840} INFO - DAG(s) 'data_audit_dag' retrieved from /opt/airflow/dags/data_audit_dag.py
[2025-08-19T08:28:08.822+0000] {logging_mixin.py:188} INFO - [2025-08-19T08:28:08.822+0000] {dag.py:3096} INFO - Sync 1 DAGs
[2025-08-19T08:28:08.866+0000] {logging_mixin.py:188} INFO - [2025-08-19T08:28:08.865+0000] {dag.py:3954} INFO - Setting next_dagrun for data_audit_dag to 2025-08-19 07:00:00+00:00, run_after=2025-08-19 08:00:00+00:00
[2025-08-19T08:28:08.908+0000] {processor.py:183} INFO - Processing /opt/airflow/dags/data_audit_dag.py took 0.208 seconds
[2025-08-19T08:33:12.421+0000] {processor.py:161} INFO - Started process (PID=17987) to work on /opt/airflow/dags/data_audit_dag.py
[2025-08-19T08:33:12.432+0000] {processor.py:830} INFO - Processing file /opt/airflow/dags/data_audit_dag.py for tasks to queue
[2025-08-19T08:33:12.437+0000] {logging_mixin.py:188} INFO - [2025-08-19T08:33:12.436+0000] {dagbag.py:545} INFO - Filling up the DagBag from /opt/airflow/dags/data_audit_dag.py
[2025-08-19T08:33:12.528+0000] {processor.py:840} INFO - DAG(s) 'data_audit_dag' retrieved from /opt/airflow/dags/data_audit_dag.py
[2025-08-19T08:33:12.610+0000] {logging_mixin.py:188} INFO - [2025-08-19T08:33:12.609+0000] {dag.py:3096} INFO - Sync 1 DAGs
[2025-08-19T08:33:12.721+0000] {logging_mixin.py:188} INFO - [2025-08-19T08:33:12.719+0000] {dag.py:3954} INFO - Setting next_dagrun for data_audit_dag to 2025-08-19 07:00:00+00:00, run_after=2025-08-19 08:00:00+00:00
[2025-08-19T08:33:12.813+0000] {processor.py:183} INFO - Processing /opt/airflow/dags/data_audit_dag.py took 0.417 seconds
[2025-08-19T08:33:43.692+0000] {processor.py:161} INFO - Started process (PID=18045) to work on /opt/airflow/dags/data_audit_dag.py
[2025-08-19T08:33:43.694+0000] {processor.py:830} INFO - Processing file /opt/airflow/dags/data_audit_dag.py for tasks to queue
[2025-08-19T08:33:43.696+0000] {logging_mixin.py:188} INFO - [2025-08-19T08:33:43.696+0000] {dagbag.py:545} INFO - Filling up the DagBag from /opt/airflow/dags/data_audit_dag.py
[2025-08-19T08:33:43.738+0000] {processor.py:840} INFO - DAG(s) 'data_audit_dag' retrieved from /opt/airflow/dags/data_audit_dag.py
[2025-08-19T08:33:43.786+0000] {logging_mixin.py:188} INFO - [2025-08-19T08:33:43.786+0000] {dag.py:3096} INFO - Sync 1 DAGs
[2025-08-19T08:33:43.860+0000] {logging_mixin.py:188} INFO - [2025-08-19T08:33:43.859+0000] {dag.py:3954} INFO - Setting next_dagrun for data_audit_dag to 2025-08-19 07:00:00+00:00, run_after=2025-08-19 08:00:00+00:00
[2025-08-19T08:33:43.983+0000] {processor.py:183} INFO - Processing /opt/airflow/dags/data_audit_dag.py took 0.303 seconds
[2025-08-19T08:34:14.530+0000] {processor.py:161} INFO - Started process (PID=18106) to work on /opt/airflow/dags/data_audit_dag.py
[2025-08-19T08:34:14.535+0000] {processor.py:830} INFO - Processing file /opt/airflow/dags/data_audit_dag.py for tasks to queue
[2025-08-19T08:34:14.538+0000] {logging_mixin.py:188} INFO - [2025-08-19T08:34:14.537+0000] {dagbag.py:545} INFO - Filling up the DagBag from /opt/airflow/dags/data_audit_dag.py
[2025-08-19T08:34:14.616+0000] {processor.py:840} INFO - DAG(s) 'data_audit_dag' retrieved from /opt/airflow/dags/data_audit_dag.py
[2025-08-19T08:34:14.684+0000] {logging_mixin.py:188} INFO - [2025-08-19T08:34:14.684+0000] {dag.py:3096} INFO - Sync 1 DAGs
[2025-08-19T08:34:14.746+0000] {logging_mixin.py:188} INFO - [2025-08-19T08:34:14.745+0000] {dag.py:3954} INFO - Setting next_dagrun for data_audit_dag to 2025-08-19 07:00:00+00:00, run_after=2025-08-19 08:00:00+00:00
[2025-08-19T08:34:14.811+0000] {processor.py:183} INFO - Processing /opt/airflow/dags/data_audit_dag.py took 0.297 seconds
[2025-08-19T08:34:45.281+0000] {processor.py:161} INFO - Started process (PID=18169) to work on /opt/airflow/dags/data_audit_dag.py
[2025-08-19T08:34:45.283+0000] {processor.py:830} INFO - Processing file /opt/airflow/dags/data_audit_dag.py for tasks to queue
[2025-08-19T08:34:45.286+0000] {logging_mixin.py:188} INFO - [2025-08-19T08:34:45.285+0000] {dagbag.py:545} INFO - Filling up the DagBag from /opt/airflow/dags/data_audit_dag.py
[2025-08-19T08:34:45.321+0000] {processor.py:840} INFO - DAG(s) 'data_audit_dag' retrieved from /opt/airflow/dags/data_audit_dag.py
[2025-08-19T08:34:45.360+0000] {logging_mixin.py:188} INFO - [2025-08-19T08:34:45.360+0000] {dag.py:3096} INFO - Sync 1 DAGs
[2025-08-19T08:34:45.392+0000] {logging_mixin.py:188} INFO - [2025-08-19T08:34:45.391+0000] {dag.py:3954} INFO - Setting next_dagrun for data_audit_dag to 2025-08-19 07:00:00+00:00, run_after=2025-08-19 08:00:00+00:00
[2025-08-19T08:34:45.427+0000] {processor.py:183} INFO - Processing /opt/airflow/dags/data_audit_dag.py took 0.155 seconds
[2025-08-19T08:35:15.752+0000] {processor.py:161} INFO - Started process (PID=18234) to work on /opt/airflow/dags/data_audit_dag.py
[2025-08-19T08:35:15.754+0000] {processor.py:830} INFO - Processing file /opt/airflow/dags/data_audit_dag.py for tasks to queue
[2025-08-19T08:35:15.756+0000] {logging_mixin.py:188} INFO - [2025-08-19T08:35:15.755+0000] {dagbag.py:545} INFO - Filling up the DagBag from /opt/airflow/dags/data_audit_dag.py
[2025-08-19T08:35:15.792+0000] {processor.py:840} INFO - DAG(s) 'data_audit_dag' retrieved from /opt/airflow/dags/data_audit_dag.py
[2025-08-19T08:35:15.831+0000] {logging_mixin.py:188} INFO - [2025-08-19T08:35:15.830+0000] {dag.py:3096} INFO - Sync 1 DAGs
[2025-08-19T08:35:15.865+0000] {logging_mixin.py:188} INFO - [2025-08-19T08:35:15.864+0000] {dag.py:3954} INFO - Setting next_dagrun for data_audit_dag to 2025-08-19 07:00:00+00:00, run_after=2025-08-19 08:00:00+00:00
[2025-08-19T08:35:15.906+0000] {processor.py:183} INFO - Processing /opt/airflow/dags/data_audit_dag.py took 0.168 seconds
[2025-08-19T08:35:46.088+0000] {processor.py:161} INFO - Started process (PID=18298) to work on /opt/airflow/dags/data_audit_dag.py
[2025-08-19T08:35:46.090+0000] {processor.py:830} INFO - Processing file /opt/airflow/dags/data_audit_dag.py for tasks to queue
[2025-08-19T08:35:46.093+0000] {logging_mixin.py:188} INFO - [2025-08-19T08:35:46.092+0000] {dagbag.py:545} INFO - Filling up the DagBag from /opt/airflow/dags/data_audit_dag.py
[2025-08-19T08:35:46.133+0000] {processor.py:840} INFO - DAG(s) 'data_audit_dag' retrieved from /opt/airflow/dags/data_audit_dag.py
[2025-08-19T08:35:46.180+0000] {logging_mixin.py:188} INFO - [2025-08-19T08:35:46.180+0000] {dag.py:3096} INFO - Sync 1 DAGs
[2025-08-19T08:35:46.225+0000] {logging_mixin.py:188} INFO - [2025-08-19T08:35:46.224+0000] {dag.py:3954} INFO - Setting next_dagrun for data_audit_dag to 2025-08-19 07:00:00+00:00, run_after=2025-08-19 08:00:00+00:00
[2025-08-19T08:35:46.273+0000] {processor.py:183} INFO - Processing /opt/airflow/dags/data_audit_dag.py took 0.199 seconds
[2025-08-19T08:36:16.700+0000] {processor.py:161} INFO - Started process (PID=18363) to work on /opt/airflow/dags/data_audit_dag.py
[2025-08-19T08:36:16.703+0000] {processor.py:830} INFO - Processing file /opt/airflow/dags/data_audit_dag.py for tasks to queue
[2025-08-19T08:36:16.705+0000] {logging_mixin.py:188} INFO - [2025-08-19T08:36:16.704+0000] {dagbag.py:545} INFO - Filling up the DagBag from /opt/airflow/dags/data_audit_dag.py
[2025-08-19T08:36:16.748+0000] {processor.py:840} INFO - DAG(s) 'data_audit_dag' retrieved from /opt/airflow/dags/data_audit_dag.py
[2025-08-19T08:36:16.791+0000] {logging_mixin.py:188} INFO - [2025-08-19T08:36:16.791+0000] {dag.py:3096} INFO - Sync 1 DAGs
[2025-08-19T08:36:16.835+0000] {logging_mixin.py:188} INFO - [2025-08-19T08:36:16.835+0000] {dag.py:3954} INFO - Setting next_dagrun for data_audit_dag to 2025-08-19 07:00:00+00:00, run_after=2025-08-19 08:00:00+00:00
[2025-08-19T08:36:16.885+0000] {processor.py:183} INFO - Processing /opt/airflow/dags/data_audit_dag.py took 0.196 seconds
[2025-08-19T08:36:47.134+0000] {processor.py:161} INFO - Started process (PID=18428) to work on /opt/airflow/dags/data_audit_dag.py
[2025-08-19T08:36:47.137+0000] {processor.py:830} INFO - Processing file /opt/airflow/dags/data_audit_dag.py for tasks to queue
[2025-08-19T08:36:47.139+0000] {logging_mixin.py:188} INFO - [2025-08-19T08:36:47.139+0000] {dagbag.py:545} INFO - Filling up the DagBag from /opt/airflow/dags/data_audit_dag.py
[2025-08-19T08:36:47.178+0000] {processor.py:840} INFO - DAG(s) 'data_audit_dag' retrieved from /opt/airflow/dags/data_audit_dag.py
[2025-08-19T08:36:47.228+0000] {logging_mixin.py:188} INFO - [2025-08-19T08:36:47.228+0000] {dag.py:3096} INFO - Sync 1 DAGs
[2025-08-19T08:36:47.264+0000] {logging_mixin.py:188} INFO - [2025-08-19T08:36:47.264+0000] {dag.py:3954} INFO - Setting next_dagrun for data_audit_dag to 2025-08-19 07:00:00+00:00, run_after=2025-08-19 08:00:00+00:00
[2025-08-19T08:36:47.310+0000] {processor.py:183} INFO - Processing /opt/airflow/dags/data_audit_dag.py took 0.187 seconds
[2025-08-19T08:37:17.807+0000] {processor.py:161} INFO - Started process (PID=18491) to work on /opt/airflow/dags/data_audit_dag.py
[2025-08-19T08:37:17.809+0000] {processor.py:830} INFO - Processing file /opt/airflow/dags/data_audit_dag.py for tasks to queue
[2025-08-19T08:37:17.811+0000] {logging_mixin.py:188} INFO - [2025-08-19T08:37:17.810+0000] {dagbag.py:545} INFO - Filling up the DagBag from /opt/airflow/dags/data_audit_dag.py
[2025-08-19T08:37:17.843+0000] {processor.py:840} INFO - DAG(s) 'data_audit_dag' retrieved from /opt/airflow/dags/data_audit_dag.py
[2025-08-19T08:37:18.150+0000] {logging_mixin.py:188} INFO - [2025-08-19T08:37:18.149+0000] {dag.py:3096} INFO - Sync 1 DAGs
[2025-08-19T08:37:18.182+0000] {logging_mixin.py:188} INFO - [2025-08-19T08:37:18.182+0000] {dag.py:3954} INFO - Setting next_dagrun for data_audit_dag to 2025-08-19 07:00:00+00:00, run_after=2025-08-19 08:00:00+00:00
[2025-08-19T08:37:18.223+0000] {processor.py:183} INFO - Processing /opt/airflow/dags/data_audit_dag.py took 0.427 seconds
[2025-08-19T08:37:49.153+0000] {processor.py:161} INFO - Started process (PID=18555) to work on /opt/airflow/dags/data_audit_dag.py
[2025-08-19T08:37:49.155+0000] {processor.py:830} INFO - Processing file /opt/airflow/dags/data_audit_dag.py for tasks to queue
[2025-08-19T08:37:49.158+0000] {logging_mixin.py:188} INFO - [2025-08-19T08:37:49.157+0000] {dagbag.py:545} INFO - Filling up the DagBag from /opt/airflow/dags/data_audit_dag.py
[2025-08-19T08:37:49.191+0000] {processor.py:840} INFO - DAG(s) 'data_audit_dag' retrieved from /opt/airflow/dags/data_audit_dag.py
[2025-08-19T08:37:49.229+0000] {logging_mixin.py:188} INFO - [2025-08-19T08:37:49.229+0000] {dag.py:3096} INFO - Sync 1 DAGs
[2025-08-19T08:37:49.264+0000] {logging_mixin.py:188} INFO - [2025-08-19T08:37:49.264+0000] {dag.py:3954} INFO - Setting next_dagrun for data_audit_dag to 2025-08-19 07:00:00+00:00, run_after=2025-08-19 08:00:00+00:00
[2025-08-19T08:37:49.304+0000] {processor.py:183} INFO - Processing /opt/airflow/dags/data_audit_dag.py took 0.161 seconds
[2025-08-19T08:38:19.780+0000] {processor.py:161} INFO - Started process (PID=18619) to work on /opt/airflow/dags/data_audit_dag.py
[2025-08-19T08:38:19.783+0000] {processor.py:830} INFO - Processing file /opt/airflow/dags/data_audit_dag.py for tasks to queue
[2025-08-19T08:38:19.785+0000] {logging_mixin.py:188} INFO - [2025-08-19T08:38:19.784+0000] {dagbag.py:545} INFO - Filling up the DagBag from /opt/airflow/dags/data_audit_dag.py
[2025-08-19T08:38:19.820+0000] {processor.py:840} INFO - DAG(s) 'data_audit_dag' retrieved from /opt/airflow/dags/data_audit_dag.py
[2025-08-19T08:38:19.862+0000] {logging_mixin.py:188} INFO - [2025-08-19T08:38:19.861+0000] {dag.py:3096} INFO - Sync 1 DAGs
[2025-08-19T08:38:19.900+0000] {logging_mixin.py:188} INFO - [2025-08-19T08:38:19.900+0000] {dag.py:3954} INFO - Setting next_dagrun for data_audit_dag to 2025-08-19 07:00:00+00:00, run_after=2025-08-19 08:00:00+00:00
[2025-08-19T08:38:19.939+0000] {processor.py:183} INFO - Processing /opt/airflow/dags/data_audit_dag.py took 0.169 seconds
[2025-08-19T08:38:50.125+0000] {processor.py:161} INFO - Started process (PID=18683) to work on /opt/airflow/dags/data_audit_dag.py
[2025-08-19T08:38:50.127+0000] {processor.py:830} INFO - Processing file /opt/airflow/dags/data_audit_dag.py for tasks to queue
[2025-08-19T08:38:50.130+0000] {logging_mixin.py:188} INFO - [2025-08-19T08:38:50.129+0000] {dagbag.py:545} INFO - Filling up the DagBag from /opt/airflow/dags/data_audit_dag.py
[2025-08-19T08:38:50.165+0000] {processor.py:840} INFO - DAG(s) 'data_audit_dag' retrieved from /opt/airflow/dags/data_audit_dag.py
[2025-08-19T08:38:50.210+0000] {logging_mixin.py:188} INFO - [2025-08-19T08:38:50.210+0000] {dag.py:3096} INFO - Sync 1 DAGs
[2025-08-19T08:38:50.250+0000] {logging_mixin.py:188} INFO - [2025-08-19T08:38:50.249+0000] {dag.py:3954} INFO - Setting next_dagrun for data_audit_dag to 2025-08-19 07:00:00+00:00, run_after=2025-08-19 08:00:00+00:00
[2025-08-19T08:38:50.293+0000] {processor.py:183} INFO - Processing /opt/airflow/dags/data_audit_dag.py took 0.183 seconds
[2025-08-19T08:39:20.647+0000] {processor.py:161} INFO - Started process (PID=18747) to work on /opt/airflow/dags/data_audit_dag.py
[2025-08-19T08:39:20.652+0000] {processor.py:830} INFO - Processing file /opt/airflow/dags/data_audit_dag.py for tasks to queue
[2025-08-19T08:39:20.656+0000] {logging_mixin.py:188} INFO - [2025-08-19T08:39:20.654+0000] {dagbag.py:545} INFO - Filling up the DagBag from /opt/airflow/dags/data_audit_dag.py
[2025-08-19T08:39:20.703+0000] {processor.py:840} INFO - DAG(s) 'data_audit_dag' retrieved from /opt/airflow/dags/data_audit_dag.py
[2025-08-19T08:39:20.754+0000] {logging_mixin.py:188} INFO - [2025-08-19T08:39:20.753+0000] {dag.py:3096} INFO - Sync 1 DAGs
[2025-08-19T08:39:20.801+0000] {logging_mixin.py:188} INFO - [2025-08-19T08:39:20.801+0000] {dag.py:3954} INFO - Setting next_dagrun for data_audit_dag to 2025-08-19 07:00:00+00:00, run_after=2025-08-19 08:00:00+00:00
[2025-08-19T08:39:20.846+0000] {processor.py:183} INFO - Processing /opt/airflow/dags/data_audit_dag.py took 0.216 seconds
[2025-08-19T08:39:51.323+0000] {processor.py:161} INFO - Started process (PID=18811) to work on /opt/airflow/dags/data_audit_dag.py
[2025-08-19T08:39:51.327+0000] {processor.py:830} INFO - Processing file /opt/airflow/dags/data_audit_dag.py for tasks to queue
[2025-08-19T08:39:51.330+0000] {logging_mixin.py:188} INFO - [2025-08-19T08:39:51.329+0000] {dagbag.py:545} INFO - Filling up the DagBag from /opt/airflow/dags/data_audit_dag.py
[2025-08-19T08:39:51.387+0000] {processor.py:840} INFO - DAG(s) 'data_audit_dag' retrieved from /opt/airflow/dags/data_audit_dag.py
[2025-08-19T08:39:51.437+0000] {logging_mixin.py:188} INFO - [2025-08-19T08:39:51.437+0000] {dag.py:3096} INFO - Sync 1 DAGs
[2025-08-19T08:39:51.478+0000] {logging_mixin.py:188} INFO - [2025-08-19T08:39:51.477+0000] {dag.py:3954} INFO - Setting next_dagrun for data_audit_dag to 2025-08-19 07:00:00+00:00, run_after=2025-08-19 08:00:00+00:00
[2025-08-19T08:39:51.520+0000] {processor.py:183} INFO - Processing /opt/airflow/dags/data_audit_dag.py took 0.219 seconds
[2025-08-19T08:40:21.658+0000] {processor.py:161} INFO - Started process (PID=18875) to work on /opt/airflow/dags/data_audit_dag.py
[2025-08-19T08:40:21.660+0000] {processor.py:830} INFO - Processing file /opt/airflow/dags/data_audit_dag.py for tasks to queue
[2025-08-19T08:40:21.662+0000] {logging_mixin.py:188} INFO - [2025-08-19T08:40:21.661+0000] {dagbag.py:545} INFO - Filling up the DagBag from /opt/airflow/dags/data_audit_dag.py
[2025-08-19T08:40:21.699+0000] {processor.py:840} INFO - DAG(s) 'data_audit_dag' retrieved from /opt/airflow/dags/data_audit_dag.py
[2025-08-19T08:40:21.740+0000] {logging_mixin.py:188} INFO - [2025-08-19T08:40:21.740+0000] {dag.py:3096} INFO - Sync 1 DAGs
[2025-08-19T08:40:21.778+0000] {logging_mixin.py:188} INFO - [2025-08-19T08:40:21.777+0000] {dag.py:3954} INFO - Setting next_dagrun for data_audit_dag to 2025-08-19 07:00:00+00:00, run_after=2025-08-19 08:00:00+00:00
[2025-08-19T08:40:21.816+0000] {processor.py:183} INFO - Processing /opt/airflow/dags/data_audit_dag.py took 0.171 seconds
[2025-08-19T08:40:52.421+0000] {processor.py:161} INFO - Started process (PID=18939) to work on /opt/airflow/dags/data_audit_dag.py
[2025-08-19T08:40:52.423+0000] {processor.py:830} INFO - Processing file /opt/airflow/dags/data_audit_dag.py for tasks to queue
[2025-08-19T08:40:52.425+0000] {logging_mixin.py:188} INFO - [2025-08-19T08:40:52.425+0000] {dagbag.py:545} INFO - Filling up the DagBag from /opt/airflow/dags/data_audit_dag.py
[2025-08-19T08:40:52.462+0000] {processor.py:840} INFO - DAG(s) 'data_audit_dag' retrieved from /opt/airflow/dags/data_audit_dag.py
[2025-08-19T08:40:52.503+0000] {logging_mixin.py:188} INFO - [2025-08-19T08:40:52.502+0000] {dag.py:3096} INFO - Sync 1 DAGs
[2025-08-19T08:40:52.537+0000] {logging_mixin.py:188} INFO - [2025-08-19T08:40:52.537+0000] {dag.py:3954} INFO - Setting next_dagrun for data_audit_dag to 2025-08-19 07:00:00+00:00, run_after=2025-08-19 08:00:00+00:00
[2025-08-19T08:40:52.576+0000] {processor.py:183} INFO - Processing /opt/airflow/dags/data_audit_dag.py took 0.167 seconds
[2025-08-19T08:41:22.914+0000] {processor.py:161} INFO - Started process (PID=19003) to work on /opt/airflow/dags/data_audit_dag.py
[2025-08-19T08:41:22.916+0000] {processor.py:830} INFO - Processing file /opt/airflow/dags/data_audit_dag.py for tasks to queue
[2025-08-19T08:41:22.918+0000] {logging_mixin.py:188} INFO - [2025-08-19T08:41:22.917+0000] {dagbag.py:545} INFO - Filling up the DagBag from /opt/airflow/dags/data_audit_dag.py
[2025-08-19T08:41:22.956+0000] {processor.py:840} INFO - DAG(s) 'data_audit_dag' retrieved from /opt/airflow/dags/data_audit_dag.py
[2025-08-19T08:41:23.000+0000] {logging_mixin.py:188} INFO - [2025-08-19T08:41:23.000+0000] {dag.py:3096} INFO - Sync 1 DAGs
[2025-08-19T08:41:23.035+0000] {logging_mixin.py:188} INFO - [2025-08-19T08:41:23.035+0000] {dag.py:3954} INFO - Setting next_dagrun for data_audit_dag to 2025-08-19 07:00:00+00:00, run_after=2025-08-19 08:00:00+00:00
[2025-08-19T08:41:23.078+0000] {processor.py:183} INFO - Processing /opt/airflow/dags/data_audit_dag.py took 0.177 seconds
[2025-08-19T08:41:53.404+0000] {processor.py:161} INFO - Started process (PID=19067) to work on /opt/airflow/dags/data_audit_dag.py
[2025-08-19T08:41:53.407+0000] {processor.py:830} INFO - Processing file /opt/airflow/dags/data_audit_dag.py for tasks to queue
[2025-08-19T08:41:53.408+0000] {logging_mixin.py:188} INFO - [2025-08-19T08:41:53.408+0000] {dagbag.py:545} INFO - Filling up the DagBag from /opt/airflow/dags/data_audit_dag.py
[2025-08-19T08:41:53.445+0000] {processor.py:840} INFO - DAG(s) 'data_audit_dag' retrieved from /opt/airflow/dags/data_audit_dag.py
[2025-08-19T08:41:53.485+0000] {logging_mixin.py:188} INFO - [2025-08-19T08:41:53.484+0000] {dag.py:3096} INFO - Sync 1 DAGs
[2025-08-19T08:41:53.541+0000] {logging_mixin.py:188} INFO - [2025-08-19T08:41:53.541+0000] {dag.py:3954} INFO - Setting next_dagrun for data_audit_dag to 2025-08-19 07:00:00+00:00, run_after=2025-08-19 08:00:00+00:00
[2025-08-19T08:41:53.612+0000] {processor.py:183} INFO - Processing /opt/airflow/dags/data_audit_dag.py took 0.217 seconds
[2025-08-19T08:42:24.031+0000] {processor.py:161} INFO - Started process (PID=19131) to work on /opt/airflow/dags/data_audit_dag.py
[2025-08-19T08:42:24.033+0000] {processor.py:830} INFO - Processing file /opt/airflow/dags/data_audit_dag.py for tasks to queue
[2025-08-19T08:42:24.036+0000] {logging_mixin.py:188} INFO - [2025-08-19T08:42:24.035+0000] {dagbag.py:545} INFO - Filling up the DagBag from /opt/airflow/dags/data_audit_dag.py
[2025-08-19T08:42:24.078+0000] {processor.py:840} INFO - DAG(s) 'data_audit_dag' retrieved from /opt/airflow/dags/data_audit_dag.py
[2025-08-19T08:42:24.123+0000] {logging_mixin.py:188} INFO - [2025-08-19T08:42:24.123+0000] {dag.py:3096} INFO - Sync 1 DAGs
[2025-08-19T08:42:24.163+0000] {logging_mixin.py:188} INFO - [2025-08-19T08:42:24.163+0000] {dag.py:3954} INFO - Setting next_dagrun for data_audit_dag to 2025-08-19 07:00:00+00:00, run_after=2025-08-19 08:00:00+00:00
[2025-08-19T08:42:24.216+0000] {processor.py:183} INFO - Processing /opt/airflow/dags/data_audit_dag.py took 0.197 seconds
[2025-08-19T08:42:54.545+0000] {processor.py:161} INFO - Started process (PID=19195) to work on /opt/airflow/dags/data_audit_dag.py
[2025-08-19T08:42:54.547+0000] {processor.py:830} INFO - Processing file /opt/airflow/dags/data_audit_dag.py for tasks to queue
[2025-08-19T08:42:54.549+0000] {logging_mixin.py:188} INFO - [2025-08-19T08:42:54.548+0000] {dagbag.py:545} INFO - Filling up the DagBag from /opt/airflow/dags/data_audit_dag.py
[2025-08-19T08:42:54.585+0000] {processor.py:840} INFO - DAG(s) 'data_audit_dag' retrieved from /opt/airflow/dags/data_audit_dag.py
[2025-08-19T08:42:54.625+0000] {logging_mixin.py:188} INFO - [2025-08-19T08:42:54.624+0000] {dag.py:3096} INFO - Sync 1 DAGs
[2025-08-19T08:42:54.661+0000] {logging_mixin.py:188} INFO - [2025-08-19T08:42:54.660+0000] {dag.py:3954} INFO - Setting next_dagrun for data_audit_dag to 2025-08-19 07:00:00+00:00, run_after=2025-08-19 08:00:00+00:00
[2025-08-19T08:42:54.703+0000] {processor.py:183} INFO - Processing /opt/airflow/dags/data_audit_dag.py took 0.171 seconds
[2025-08-19T08:43:24.903+0000] {processor.py:161} INFO - Started process (PID=19259) to work on /opt/airflow/dags/data_audit_dag.py
[2025-08-19T08:43:24.906+0000] {processor.py:830} INFO - Processing file /opt/airflow/dags/data_audit_dag.py for tasks to queue
[2025-08-19T08:43:24.908+0000] {logging_mixin.py:188} INFO - [2025-08-19T08:43:24.907+0000] {dagbag.py:545} INFO - Filling up the DagBag from /opt/airflow/dags/data_audit_dag.py
[2025-08-19T08:43:24.974+0000] {processor.py:840} INFO - DAG(s) 'data_audit_dag' retrieved from /opt/airflow/dags/data_audit_dag.py
[2025-08-19T08:43:25.108+0000] {logging_mixin.py:188} INFO - [2025-08-19T08:43:25.108+0000] {dag.py:3096} INFO - Sync 1 DAGs
[2025-08-19T08:43:25.168+0000] {logging_mixin.py:188} INFO - [2025-08-19T08:43:25.167+0000] {dag.py:3954} INFO - Setting next_dagrun for data_audit_dag to 2025-08-19 07:00:00+00:00, run_after=2025-08-19 08:00:00+00:00
[2025-08-19T08:43:25.280+0000] {processor.py:183} INFO - Processing /opt/airflow/dags/data_audit_dag.py took 0.393 seconds
[2025-08-19T08:43:55.600+0000] {processor.py:161} INFO - Started process (PID=19324) to work on /opt/airflow/dags/data_audit_dag.py
[2025-08-19T08:43:55.602+0000] {processor.py:830} INFO - Processing file /opt/airflow/dags/data_audit_dag.py for tasks to queue
[2025-08-19T08:43:55.604+0000] {logging_mixin.py:188} INFO - [2025-08-19T08:43:55.603+0000] {dagbag.py:545} INFO - Filling up the DagBag from /opt/airflow/dags/data_audit_dag.py
[2025-08-19T08:43:55.640+0000] {processor.py:840} INFO - DAG(s) 'data_audit_dag' retrieved from /opt/airflow/dags/data_audit_dag.py
[2025-08-19T08:43:55.680+0000] {logging_mixin.py:188} INFO - [2025-08-19T08:43:55.680+0000] {dag.py:3096} INFO - Sync 1 DAGs
[2025-08-19T08:43:55.710+0000] {logging_mixin.py:188} INFO - [2025-08-19T08:43:55.709+0000] {dag.py:3954} INFO - Setting next_dagrun for data_audit_dag to 2025-08-19 07:00:00+00:00, run_after=2025-08-19 08:00:00+00:00
[2025-08-19T08:43:55.748+0000] {processor.py:183} INFO - Processing /opt/airflow/dags/data_audit_dag.py took 0.158 seconds
[2025-08-19T08:44:26.721+0000] {processor.py:161} INFO - Started process (PID=19388) to work on /opt/airflow/dags/data_audit_dag.py
[2025-08-19T08:44:26.723+0000] {processor.py:830} INFO - Processing file /opt/airflow/dags/data_audit_dag.py for tasks to queue
[2025-08-19T08:44:26.726+0000] {logging_mixin.py:188} INFO - [2025-08-19T08:44:26.725+0000] {dagbag.py:545} INFO - Filling up the DagBag from /opt/airflow/dags/data_audit_dag.py
[2025-08-19T08:44:26.757+0000] {processor.py:840} INFO - DAG(s) 'data_audit_dag' retrieved from /opt/airflow/dags/data_audit_dag.py
[2025-08-19T08:44:26.788+0000] {logging_mixin.py:188} INFO - [2025-08-19T08:44:26.788+0000] {dag.py:3096} INFO - Sync 1 DAGs
[2025-08-19T08:44:26.814+0000] {logging_mixin.py:188} INFO - [2025-08-19T08:44:26.814+0000] {dag.py:3954} INFO - Setting next_dagrun for data_audit_dag to 2025-08-19 07:00:00+00:00, run_after=2025-08-19 08:00:00+00:00
[2025-08-19T08:44:26.854+0000] {processor.py:183} INFO - Processing /opt/airflow/dags/data_audit_dag.py took 0.143 seconds
[2025-08-19T08:44:57.438+0000] {processor.py:161} INFO - Started process (PID=19452) to work on /opt/airflow/dags/data_audit_dag.py
[2025-08-19T08:44:57.440+0000] {processor.py:830} INFO - Processing file /opt/airflow/dags/data_audit_dag.py for tasks to queue
[2025-08-19T08:44:57.442+0000] {logging_mixin.py:188} INFO - [2025-08-19T08:44:57.441+0000] {dagbag.py:545} INFO - Filling up the DagBag from /opt/airflow/dags/data_audit_dag.py
[2025-08-19T08:44:57.471+0000] {processor.py:840} INFO - DAG(s) 'data_audit_dag' retrieved from /opt/airflow/dags/data_audit_dag.py
[2025-08-19T08:44:57.504+0000] {logging_mixin.py:188} INFO - [2025-08-19T08:44:57.503+0000] {dag.py:3096} INFO - Sync 1 DAGs
[2025-08-19T08:44:57.532+0000] {logging_mixin.py:188} INFO - [2025-08-19T08:44:57.532+0000] {dag.py:3954} INFO - Setting next_dagrun for data_audit_dag to 2025-08-19 07:00:00+00:00, run_after=2025-08-19 08:00:00+00:00
[2025-08-19T08:44:57.567+0000] {processor.py:183} INFO - Processing /opt/airflow/dags/data_audit_dag.py took 0.138 seconds
[2025-08-19T08:45:28.258+0000] {processor.py:161} INFO - Started process (PID=19516) to work on /opt/airflow/dags/data_audit_dag.py
[2025-08-19T08:45:28.261+0000] {processor.py:830} INFO - Processing file /opt/airflow/dags/data_audit_dag.py for tasks to queue
[2025-08-19T08:45:28.262+0000] {logging_mixin.py:188} INFO - [2025-08-19T08:45:28.262+0000] {dagbag.py:545} INFO - Filling up the DagBag from /opt/airflow/dags/data_audit_dag.py
[2025-08-19T08:45:28.293+0000] {processor.py:840} INFO - DAG(s) 'data_audit_dag' retrieved from /opt/airflow/dags/data_audit_dag.py
[2025-08-19T08:45:28.329+0000] {logging_mixin.py:188} INFO - [2025-08-19T08:45:28.328+0000] {dag.py:3096} INFO - Sync 1 DAGs
[2025-08-19T08:45:28.360+0000] {logging_mixin.py:188} INFO - [2025-08-19T08:45:28.359+0000] {dag.py:3954} INFO - Setting next_dagrun for data_audit_dag to 2025-08-19 07:00:00+00:00, run_after=2025-08-19 08:00:00+00:00
[2025-08-19T08:45:28.388+0000] {processor.py:183} INFO - Processing /opt/airflow/dags/data_audit_dag.py took 0.139 seconds
[2025-08-19T08:45:59.212+0000] {processor.py:161} INFO - Started process (PID=19580) to work on /opt/airflow/dags/data_audit_dag.py
[2025-08-19T08:45:59.215+0000] {processor.py:830} INFO - Processing file /opt/airflow/dags/data_audit_dag.py for tasks to queue
[2025-08-19T08:45:59.217+0000] {logging_mixin.py:188} INFO - [2025-08-19T08:45:59.216+0000] {dagbag.py:545} INFO - Filling up the DagBag from /opt/airflow/dags/data_audit_dag.py
[2025-08-19T08:45:59.250+0000] {processor.py:840} INFO - DAG(s) 'data_audit_dag' retrieved from /opt/airflow/dags/data_audit_dag.py
[2025-08-19T08:45:59.285+0000] {logging_mixin.py:188} INFO - [2025-08-19T08:45:59.285+0000] {dag.py:3096} INFO - Sync 1 DAGs
[2025-08-19T08:45:59.315+0000] {logging_mixin.py:188} INFO - [2025-08-19T08:45:59.315+0000] {dag.py:3954} INFO - Setting next_dagrun for data_audit_dag to 2025-08-19 07:00:00+00:00, run_after=2025-08-19 08:00:00+00:00
[2025-08-19T08:45:59.348+0000] {processor.py:183} INFO - Processing /opt/airflow/dags/data_audit_dag.py took 0.145 seconds
[2025-08-19T08:46:29.470+0000] {processor.py:161} INFO - Started process (PID=19644) to work on /opt/airflow/dags/data_audit_dag.py
[2025-08-19T08:46:29.472+0000] {processor.py:830} INFO - Processing file /opt/airflow/dags/data_audit_dag.py for tasks to queue
[2025-08-19T08:46:29.474+0000] {logging_mixin.py:188} INFO - [2025-08-19T08:46:29.473+0000] {dagbag.py:545} INFO - Filling up the DagBag from /opt/airflow/dags/data_audit_dag.py
[2025-08-19T08:46:29.504+0000] {processor.py:840} INFO - DAG(s) 'data_audit_dag' retrieved from /opt/airflow/dags/data_audit_dag.py
[2025-08-19T08:46:29.536+0000] {logging_mixin.py:188} INFO - [2025-08-19T08:46:29.535+0000] {dag.py:3096} INFO - Sync 1 DAGs
[2025-08-19T08:46:29.562+0000] {logging_mixin.py:188} INFO - [2025-08-19T08:46:29.561+0000] {dag.py:3954} INFO - Setting next_dagrun for data_audit_dag to 2025-08-19 07:00:00+00:00, run_after=2025-08-19 08:00:00+00:00
[2025-08-19T08:46:29.592+0000] {processor.py:183} INFO - Processing /opt/airflow/dags/data_audit_dag.py took 0.130 seconds
[2025-08-19T08:47:00.451+0000] {processor.py:161} INFO - Started process (PID=19709) to work on /opt/airflow/dags/data_audit_dag.py
[2025-08-19T08:47:00.454+0000] {processor.py:830} INFO - Processing file /opt/airflow/dags/data_audit_dag.py for tasks to queue
[2025-08-19T08:47:00.456+0000] {logging_mixin.py:188} INFO - [2025-08-19T08:47:00.455+0000] {dagbag.py:545} INFO - Filling up the DagBag from /opt/airflow/dags/data_audit_dag.py
[2025-08-19T08:47:00.502+0000] {processor.py:840} INFO - DAG(s) 'data_audit_dag' retrieved from /opt/airflow/dags/data_audit_dag.py
[2025-08-19T08:47:00.559+0000] {logging_mixin.py:188} INFO - [2025-08-19T08:47:00.558+0000] {dag.py:3096} INFO - Sync 1 DAGs
[2025-08-19T08:47:00.610+0000] {logging_mixin.py:188} INFO - [2025-08-19T08:47:00.610+0000] {dag.py:3954} INFO - Setting next_dagrun for data_audit_dag to 2025-08-19 07:00:00+00:00, run_after=2025-08-19 08:00:00+00:00
[2025-08-19T08:47:00.665+0000] {processor.py:183} INFO - Processing /opt/airflow/dags/data_audit_dag.py took 0.232 seconds
[2025-08-19T08:47:31.082+0000] {processor.py:161} INFO - Started process (PID=19774) to work on /opt/airflow/dags/data_audit_dag.py
[2025-08-19T08:47:31.084+0000] {processor.py:830} INFO - Processing file /opt/airflow/dags/data_audit_dag.py for tasks to queue
[2025-08-19T08:47:31.086+0000] {logging_mixin.py:188} INFO - [2025-08-19T08:47:31.086+0000] {dagbag.py:545} INFO - Filling up the DagBag from /opt/airflow/dags/data_audit_dag.py
[2025-08-19T08:47:31.116+0000] {processor.py:840} INFO - DAG(s) 'data_audit_dag' retrieved from /opt/airflow/dags/data_audit_dag.py
[2025-08-19T08:47:31.152+0000] {logging_mixin.py:188} INFO - [2025-08-19T08:47:31.151+0000] {dag.py:3096} INFO - Sync 1 DAGs
[2025-08-19T08:47:31.182+0000] {logging_mixin.py:188} INFO - [2025-08-19T08:47:31.182+0000] {dag.py:3954} INFO - Setting next_dagrun for data_audit_dag to 2025-08-19 07:00:00+00:00, run_after=2025-08-19 08:00:00+00:00
[2025-08-19T08:47:31.221+0000] {processor.py:183} INFO - Processing /opt/airflow/dags/data_audit_dag.py took 0.149 seconds
[2025-08-19T08:48:01.924+0000] {processor.py:161} INFO - Started process (PID=19838) to work on /opt/airflow/dags/data_audit_dag.py
[2025-08-19T08:48:01.926+0000] {processor.py:830} INFO - Processing file /opt/airflow/dags/data_audit_dag.py for tasks to queue
[2025-08-19T08:48:01.928+0000] {logging_mixin.py:188} INFO - [2025-08-19T08:48:01.928+0000] {dagbag.py:545} INFO - Filling up the DagBag from /opt/airflow/dags/data_audit_dag.py
[2025-08-19T08:48:01.961+0000] {processor.py:840} INFO - DAG(s) 'data_audit_dag' retrieved from /opt/airflow/dags/data_audit_dag.py
[2025-08-19T08:48:02.001+0000] {logging_mixin.py:188} INFO - [2025-08-19T08:48:02.000+0000] {dag.py:3096} INFO - Sync 1 DAGs
[2025-08-19T08:48:02.036+0000] {logging_mixin.py:188} INFO - [2025-08-19T08:48:02.035+0000] {dag.py:3954} INFO - Setting next_dagrun for data_audit_dag to 2025-08-19 07:00:00+00:00, run_after=2025-08-19 08:00:00+00:00
[2025-08-19T08:48:02.072+0000] {processor.py:183} INFO - Processing /opt/airflow/dags/data_audit_dag.py took 0.158 seconds
[2025-08-19T08:48:32.693+0000] {processor.py:161} INFO - Started process (PID=19903) to work on /opt/airflow/dags/data_audit_dag.py
[2025-08-19T08:48:32.695+0000] {processor.py:830} INFO - Processing file /opt/airflow/dags/data_audit_dag.py for tasks to queue
[2025-08-19T08:48:32.697+0000] {logging_mixin.py:188} INFO - [2025-08-19T08:48:32.696+0000] {dagbag.py:545} INFO - Filling up the DagBag from /opt/airflow/dags/data_audit_dag.py
[2025-08-19T08:48:32.732+0000] {processor.py:840} INFO - DAG(s) 'data_audit_dag' retrieved from /opt/airflow/dags/data_audit_dag.py
[2025-08-19T08:48:32.773+0000] {logging_mixin.py:188} INFO - [2025-08-19T08:48:32.773+0000] {dag.py:3096} INFO - Sync 1 DAGs
[2025-08-19T08:48:32.805+0000] {logging_mixin.py:188} INFO - [2025-08-19T08:48:32.804+0000] {dag.py:3954} INFO - Setting next_dagrun for data_audit_dag to 2025-08-19 07:00:00+00:00, run_after=2025-08-19 08:00:00+00:00
[2025-08-19T08:48:32.841+0000] {processor.py:183} INFO - Processing /opt/airflow/dags/data_audit_dag.py took 0.161 seconds
[2025-08-19T08:49:03.265+0000] {processor.py:161} INFO - Started process (PID=19967) to work on /opt/airflow/dags/data_audit_dag.py
[2025-08-19T08:49:03.267+0000] {processor.py:830} INFO - Processing file /opt/airflow/dags/data_audit_dag.py for tasks to queue
[2025-08-19T08:49:03.269+0000] {logging_mixin.py:188} INFO - [2025-08-19T08:49:03.268+0000] {dagbag.py:545} INFO - Filling up the DagBag from /opt/airflow/dags/data_audit_dag.py
[2025-08-19T08:49:03.302+0000] {processor.py:840} INFO - DAG(s) 'data_audit_dag' retrieved from /opt/airflow/dags/data_audit_dag.py
[2025-08-19T08:49:03.346+0000] {logging_mixin.py:188} INFO - [2025-08-19T08:49:03.346+0000] {dag.py:3096} INFO - Sync 1 DAGs
[2025-08-19T08:49:03.380+0000] {logging_mixin.py:188} INFO - [2025-08-19T08:49:03.380+0000] {dag.py:3954} INFO - Setting next_dagrun for data_audit_dag to 2025-08-19 07:00:00+00:00, run_after=2025-08-19 08:00:00+00:00
[2025-08-19T08:49:03.412+0000] {processor.py:183} INFO - Processing /opt/airflow/dags/data_audit_dag.py took 0.157 seconds
[2025-08-19T08:49:33.964+0000] {processor.py:161} INFO - Started process (PID=20032) to work on /opt/airflow/dags/data_audit_dag.py
[2025-08-19T08:49:33.967+0000] {processor.py:830} INFO - Processing file /opt/airflow/dags/data_audit_dag.py for tasks to queue
[2025-08-19T08:49:33.971+0000] {logging_mixin.py:188} INFO - [2025-08-19T08:49:33.970+0000] {dagbag.py:545} INFO - Filling up the DagBag from /opt/airflow/dags/data_audit_dag.py
[2025-08-19T08:49:34.014+0000] {processor.py:840} INFO - DAG(s) 'data_audit_dag' retrieved from /opt/airflow/dags/data_audit_dag.py
[2025-08-19T08:49:34.050+0000] {logging_mixin.py:188} INFO - [2025-08-19T08:49:34.049+0000] {dag.py:3096} INFO - Sync 1 DAGs
[2025-08-19T08:49:34.080+0000] {logging_mixin.py:188} INFO - [2025-08-19T08:49:34.080+0000] {dag.py:3954} INFO - Setting next_dagrun for data_audit_dag to 2025-08-19 07:00:00+00:00, run_after=2025-08-19 08:00:00+00:00
[2025-08-19T08:49:34.113+0000] {processor.py:183} INFO - Processing /opt/airflow/dags/data_audit_dag.py took 0.164 seconds
[2025-08-19T08:50:04.278+0000] {processor.py:161} INFO - Started process (PID=20097) to work on /opt/airflow/dags/data_audit_dag.py
[2025-08-19T08:50:04.280+0000] {processor.py:830} INFO - Processing file /opt/airflow/dags/data_audit_dag.py for tasks to queue
[2025-08-19T08:50:04.282+0000] {logging_mixin.py:188} INFO - [2025-08-19T08:50:04.282+0000] {dagbag.py:545} INFO - Filling up the DagBag from /opt/airflow/dags/data_audit_dag.py
[2025-08-19T08:50:04.313+0000] {processor.py:840} INFO - DAG(s) 'data_audit_dag' retrieved from /opt/airflow/dags/data_audit_dag.py
[2025-08-19T08:50:04.347+0000] {logging_mixin.py:188} INFO - [2025-08-19T08:50:04.347+0000] {dag.py:3096} INFO - Sync 1 DAGs
[2025-08-19T08:50:04.374+0000] {logging_mixin.py:188} INFO - [2025-08-19T08:50:04.374+0000] {dag.py:3954} INFO - Setting next_dagrun for data_audit_dag to 2025-08-19 07:00:00+00:00, run_after=2025-08-19 08:00:00+00:00
[2025-08-19T08:50:04.411+0000] {processor.py:183} INFO - Processing /opt/airflow/dags/data_audit_dag.py took 0.141 seconds
[2025-08-19T08:50:34.720+0000] {processor.py:161} INFO - Started process (PID=20161) to work on /opt/airflow/dags/data_audit_dag.py
[2025-08-19T08:50:34.722+0000] {processor.py:830} INFO - Processing file /opt/airflow/dags/data_audit_dag.py for tasks to queue
[2025-08-19T08:50:34.724+0000] {logging_mixin.py:188} INFO - [2025-08-19T08:50:34.724+0000] {dagbag.py:545} INFO - Filling up the DagBag from /opt/airflow/dags/data_audit_dag.py
[2025-08-19T08:50:34.758+0000] {processor.py:840} INFO - DAG(s) 'data_audit_dag' retrieved from /opt/airflow/dags/data_audit_dag.py
[2025-08-19T08:50:34.795+0000] {logging_mixin.py:188} INFO - [2025-08-19T08:50:34.795+0000] {dag.py:3096} INFO - Sync 1 DAGs
[2025-08-19T08:50:34.827+0000] {logging_mixin.py:188} INFO - [2025-08-19T08:50:34.827+0000] {dag.py:3954} INFO - Setting next_dagrun for data_audit_dag to 2025-08-19 07:00:00+00:00, run_after=2025-08-19 08:00:00+00:00
[2025-08-19T08:50:34.861+0000] {processor.py:183} INFO - Processing /opt/airflow/dags/data_audit_dag.py took 0.150 seconds
[2025-08-19T08:51:05.574+0000] {processor.py:161} INFO - Started process (PID=20226) to work on /opt/airflow/dags/data_audit_dag.py
[2025-08-19T08:51:05.576+0000] {processor.py:830} INFO - Processing file /opt/airflow/dags/data_audit_dag.py for tasks to queue
[2025-08-19T08:51:05.578+0000] {logging_mixin.py:188} INFO - [2025-08-19T08:51:05.577+0000] {dagbag.py:545} INFO - Filling up the DagBag from /opt/airflow/dags/data_audit_dag.py
[2025-08-19T08:51:05.613+0000] {processor.py:840} INFO - DAG(s) 'data_audit_dag' retrieved from /opt/airflow/dags/data_audit_dag.py
[2025-08-19T08:51:05.653+0000] {logging_mixin.py:188} INFO - [2025-08-19T08:51:05.652+0000] {dag.py:3096} INFO - Sync 1 DAGs
[2025-08-19T08:51:05.682+0000] {logging_mixin.py:188} INFO - [2025-08-19T08:51:05.681+0000] {dag.py:3954} INFO - Setting next_dagrun for data_audit_dag to 2025-08-19 07:00:00+00:00, run_after=2025-08-19 08:00:00+00:00
[2025-08-19T08:51:05.722+0000] {processor.py:183} INFO - Processing /opt/airflow/dags/data_audit_dag.py took 0.157 seconds
[2025-08-19T08:51:35.838+0000] {processor.py:161} INFO - Started process (PID=20291) to work on /opt/airflow/dags/data_audit_dag.py
[2025-08-19T08:51:35.840+0000] {processor.py:830} INFO - Processing file /opt/airflow/dags/data_audit_dag.py for tasks to queue
[2025-08-19T08:51:35.842+0000] {logging_mixin.py:188} INFO - [2025-08-19T08:51:35.841+0000] {dagbag.py:545} INFO - Filling up the DagBag from /opt/airflow/dags/data_audit_dag.py
[2025-08-19T08:51:35.879+0000] {processor.py:840} INFO - DAG(s) 'data_audit_dag' retrieved from /opt/airflow/dags/data_audit_dag.py
[2025-08-19T08:51:35.921+0000] {logging_mixin.py:188} INFO - [2025-08-19T08:51:35.921+0000] {dag.py:3096} INFO - Sync 1 DAGs
[2025-08-19T08:51:35.955+0000] {logging_mixin.py:188} INFO - [2025-08-19T08:51:35.955+0000] {dag.py:3954} INFO - Setting next_dagrun for data_audit_dag to 2025-08-19 07:00:00+00:00, run_after=2025-08-19 08:00:00+00:00
[2025-08-19T08:51:35.993+0000] {processor.py:183} INFO - Processing /opt/airflow/dags/data_audit_dag.py took 0.166 seconds
[2025-08-19T08:52:06.325+0000] {processor.py:161} INFO - Started process (PID=20355) to work on /opt/airflow/dags/data_audit_dag.py
[2025-08-19T08:52:06.327+0000] {processor.py:830} INFO - Processing file /opt/airflow/dags/data_audit_dag.py for tasks to queue
[2025-08-19T08:52:06.329+0000] {logging_mixin.py:188} INFO - [2025-08-19T08:52:06.329+0000] {dagbag.py:545} INFO - Filling up the DagBag from /opt/airflow/dags/data_audit_dag.py
[2025-08-19T08:52:06.366+0000] {processor.py:840} INFO - DAG(s) 'data_audit_dag' retrieved from /opt/airflow/dags/data_audit_dag.py
[2025-08-19T08:52:06.400+0000] {logging_mixin.py:188} INFO - [2025-08-19T08:52:06.399+0000] {dag.py:3096} INFO - Sync 1 DAGs
[2025-08-19T08:52:06.428+0000] {logging_mixin.py:188} INFO - [2025-08-19T08:52:06.428+0000] {dag.py:3954} INFO - Setting next_dagrun for data_audit_dag to 2025-08-19 07:00:00+00:00, run_after=2025-08-19 08:00:00+00:00
[2025-08-19T08:52:06.461+0000] {processor.py:183} INFO - Processing /opt/airflow/dags/data_audit_dag.py took 0.146 seconds
[2025-08-19T08:52:36.684+0000] {processor.py:161} INFO - Started process (PID=20419) to work on /opt/airflow/dags/data_audit_dag.py
[2025-08-19T08:52:36.686+0000] {processor.py:830} INFO - Processing file /opt/airflow/dags/data_audit_dag.py for tasks to queue
[2025-08-19T08:52:36.687+0000] {logging_mixin.py:188} INFO - [2025-08-19T08:52:36.687+0000] {dagbag.py:545} INFO - Filling up the DagBag from /opt/airflow/dags/data_audit_dag.py
[2025-08-19T08:52:36.716+0000] {processor.py:840} INFO - DAG(s) 'data_audit_dag' retrieved from /opt/airflow/dags/data_audit_dag.py
[2025-08-19T08:52:36.750+0000] {logging_mixin.py:188} INFO - [2025-08-19T08:52:36.749+0000] {dag.py:3096} INFO - Sync 1 DAGs
[2025-08-19T08:52:36.778+0000] {logging_mixin.py:188} INFO - [2025-08-19T08:52:36.778+0000] {dag.py:3954} INFO - Setting next_dagrun for data_audit_dag to 2025-08-19 07:00:00+00:00, run_after=2025-08-19 08:00:00+00:00
[2025-08-19T08:52:36.812+0000] {processor.py:183} INFO - Processing /opt/airflow/dags/data_audit_dag.py took 0.137 seconds
[2025-08-19T08:53:07.051+0000] {processor.py:161} INFO - Started process (PID=20483) to work on /opt/airflow/dags/data_audit_dag.py
[2025-08-19T08:53:07.053+0000] {processor.py:830} INFO - Processing file /opt/airflow/dags/data_audit_dag.py for tasks to queue
[2025-08-19T08:53:07.056+0000] {logging_mixin.py:188} INFO - [2025-08-19T08:53:07.055+0000] {dagbag.py:545} INFO - Filling up the DagBag from /opt/airflow/dags/data_audit_dag.py
[2025-08-19T08:53:07.087+0000] {processor.py:840} INFO - DAG(s) 'data_audit_dag' retrieved from /opt/airflow/dags/data_audit_dag.py
[2025-08-19T08:53:07.122+0000] {logging_mixin.py:188} INFO - [2025-08-19T08:53:07.122+0000] {dag.py:3096} INFO - Sync 1 DAGs
[2025-08-19T08:53:07.153+0000] {logging_mixin.py:188} INFO - [2025-08-19T08:53:07.153+0000] {dag.py:3954} INFO - Setting next_dagrun for data_audit_dag to 2025-08-19 07:00:00+00:00, run_after=2025-08-19 08:00:00+00:00
[2025-08-19T08:53:07.189+0000] {processor.py:183} INFO - Processing /opt/airflow/dags/data_audit_dag.py took 0.146 seconds
[2025-08-19T08:53:37.437+0000] {processor.py:161} INFO - Started process (PID=20547) to work on /opt/airflow/dags/data_audit_dag.py
[2025-08-19T08:53:37.441+0000] {processor.py:830} INFO - Processing file /opt/airflow/dags/data_audit_dag.py for tasks to queue
[2025-08-19T08:53:37.444+0000] {logging_mixin.py:188} INFO - [2025-08-19T08:53:37.443+0000] {dagbag.py:545} INFO - Filling up the DagBag from /opt/airflow/dags/data_audit_dag.py
[2025-08-19T08:53:37.490+0000] {processor.py:840} INFO - DAG(s) 'data_audit_dag' retrieved from /opt/airflow/dags/data_audit_dag.py
[2025-08-19T08:53:37.548+0000] {logging_mixin.py:188} INFO - [2025-08-19T08:53:37.548+0000] {dag.py:3096} INFO - Sync 1 DAGs
[2025-08-19T08:53:37.595+0000] {logging_mixin.py:188} INFO - [2025-08-19T08:53:37.594+0000] {dag.py:3954} INFO - Setting next_dagrun for data_audit_dag to 2025-08-19 07:00:00+00:00, run_after=2025-08-19 08:00:00+00:00
[2025-08-19T08:53:37.644+0000] {processor.py:183} INFO - Processing /opt/airflow/dags/data_audit_dag.py took 0.222 seconds
[2025-08-19T08:54:08.357+0000] {processor.py:161} INFO - Started process (PID=20611) to work on /opt/airflow/dags/data_audit_dag.py
[2025-08-19T08:54:08.359+0000] {processor.py:830} INFO - Processing file /opt/airflow/dags/data_audit_dag.py for tasks to queue
[2025-08-19T08:54:08.362+0000] {logging_mixin.py:188} INFO - [2025-08-19T08:54:08.361+0000] {dagbag.py:545} INFO - Filling up the DagBag from /opt/airflow/dags/data_audit_dag.py
[2025-08-19T08:54:08.404+0000] {processor.py:840} INFO - DAG(s) 'data_audit_dag' retrieved from /opt/airflow/dags/data_audit_dag.py
[2025-08-19T08:54:08.458+0000] {logging_mixin.py:188} INFO - [2025-08-19T08:54:08.457+0000] {dag.py:3096} INFO - Sync 1 DAGs
[2025-08-19T08:54:08.503+0000] {logging_mixin.py:188} INFO - [2025-08-19T08:54:08.503+0000] {dag.py:3954} INFO - Setting next_dagrun for data_audit_dag to 2025-08-19 07:00:00+00:00, run_after=2025-08-19 08:00:00+00:00
[2025-08-19T08:54:08.546+0000] {processor.py:183} INFO - Processing /opt/airflow/dags/data_audit_dag.py took 0.204 seconds
[2025-08-19T08:54:38.917+0000] {processor.py:161} INFO - Started process (PID=20673) to work on /opt/airflow/dags/data_audit_dag.py
[2025-08-19T08:54:38.920+0000] {processor.py:830} INFO - Processing file /opt/airflow/dags/data_audit_dag.py for tasks to queue
[2025-08-19T08:54:38.923+0000] {logging_mixin.py:188} INFO - [2025-08-19T08:54:38.922+0000] {dagbag.py:545} INFO - Filling up the DagBag from /opt/airflow/dags/data_audit_dag.py
[2025-08-19T08:54:38.969+0000] {processor.py:840} INFO - DAG(s) 'data_audit_dag' retrieved from /opt/airflow/dags/data_audit_dag.py
[2025-08-19T08:54:39.022+0000] {logging_mixin.py:188} INFO - [2025-08-19T08:54:39.021+0000] {dag.py:3096} INFO - Sync 1 DAGs
[2025-08-19T08:54:39.066+0000] {logging_mixin.py:188} INFO - [2025-08-19T08:54:39.066+0000] {dag.py:3954} INFO - Setting next_dagrun for data_audit_dag to 2025-08-19 07:00:00+00:00, run_after=2025-08-19 08:00:00+00:00
[2025-08-19T08:54:39.110+0000] {processor.py:183} INFO - Processing /opt/airflow/dags/data_audit_dag.py took 0.205 seconds
[2025-08-19T08:55:09.608+0000] {processor.py:161} INFO - Started process (PID=20737) to work on /opt/airflow/dags/data_audit_dag.py
[2025-08-19T08:55:09.611+0000] {processor.py:830} INFO - Processing file /opt/airflow/dags/data_audit_dag.py for tasks to queue
[2025-08-19T08:55:09.615+0000] {logging_mixin.py:188} INFO - [2025-08-19T08:55:09.614+0000] {dagbag.py:545} INFO - Filling up the DagBag from /opt/airflow/dags/data_audit_dag.py
[2025-08-19T08:55:09.765+0000] {processor.py:840} INFO - DAG(s) 'data_audit_dag' retrieved from /opt/airflow/dags/data_audit_dag.py
[2025-08-19T08:55:09.999+0000] {logging_mixin.py:188} INFO - [2025-08-19T08:55:09.998+0000] {dag.py:3096} INFO - Sync 1 DAGs
[2025-08-19T08:55:10.275+0000] {logging_mixin.py:188} INFO - [2025-08-19T08:55:10.273+0000] {dag.py:3954} INFO - Setting next_dagrun for data_audit_dag to 2025-08-19 07:00:00+00:00, run_after=2025-08-19 08:00:00+00:00
[2025-08-19T08:55:10.394+0000] {processor.py:183} INFO - Processing /opt/airflow/dags/data_audit_dag.py took 0.807 seconds
[2025-08-19T08:55:40.938+0000] {processor.py:161} INFO - Started process (PID=20801) to work on /opt/airflow/dags/data_audit_dag.py
[2025-08-19T08:55:40.940+0000] {processor.py:830} INFO - Processing file /opt/airflow/dags/data_audit_dag.py for tasks to queue
[2025-08-19T08:55:40.942+0000] {logging_mixin.py:188} INFO - [2025-08-19T08:55:40.941+0000] {dagbag.py:545} INFO - Filling up the DagBag from /opt/airflow/dags/data_audit_dag.py
[2025-08-19T08:55:40.978+0000] {processor.py:840} INFO - DAG(s) 'data_audit_dag' retrieved from /opt/airflow/dags/data_audit_dag.py
[2025-08-19T08:55:41.018+0000] {logging_mixin.py:188} INFO - [2025-08-19T08:55:41.018+0000] {dag.py:3096} INFO - Sync 1 DAGs
[2025-08-19T08:55:41.060+0000] {logging_mixin.py:188} INFO - [2025-08-19T08:55:41.060+0000] {dag.py:3954} INFO - Setting next_dagrun for data_audit_dag to 2025-08-19 07:00:00+00:00, run_after=2025-08-19 08:00:00+00:00
[2025-08-19T08:55:41.097+0000] {processor.py:183} INFO - Processing /opt/airflow/dags/data_audit_dag.py took 0.172 seconds
[2025-08-19T08:57:19.546+0000] {processor.py:161} INFO - Started process (PID=20823) to work on /opt/airflow/dags/data_audit_dag.py
[2025-08-19T08:57:19.552+0000] {processor.py:830} INFO - Processing file /opt/airflow/dags/data_audit_dag.py for tasks to queue
[2025-08-19T08:57:19.556+0000] {logging_mixin.py:188} INFO - [2025-08-19T08:57:19.555+0000] {dagbag.py:545} INFO - Filling up the DagBag from /opt/airflow/dags/data_audit_dag.py
[2025-08-19T08:57:19.622+0000] {processor.py:840} INFO - DAG(s) 'data_audit_dag' retrieved from /opt/airflow/dags/data_audit_dag.py
[2025-08-19T08:57:19.709+0000] {logging_mixin.py:188} INFO - [2025-08-19T08:57:19.708+0000] {dag.py:3096} INFO - Sync 1 DAGs
[2025-08-19T08:57:19.787+0000] {logging_mixin.py:188} INFO - [2025-08-19T08:57:19.786+0000] {dag.py:3954} INFO - Setting next_dagrun for data_audit_dag to 2025-08-19 07:00:00+00:00, run_after=2025-08-19 08:00:00+00:00
[2025-08-19T08:57:19.856+0000] {processor.py:183} INFO - Processing /opt/airflow/dags/data_audit_dag.py took 0.344 seconds
[2025-08-19T08:57:50.219+0000] {processor.py:161} INFO - Started process (PID=20887) to work on /opt/airflow/dags/data_audit_dag.py
[2025-08-19T08:57:50.222+0000] {processor.py:830} INFO - Processing file /opt/airflow/dags/data_audit_dag.py for tasks to queue
[2025-08-19T08:57:50.224+0000] {logging_mixin.py:188} INFO - [2025-08-19T08:57:50.223+0000] {dagbag.py:545} INFO - Filling up the DagBag from /opt/airflow/dags/data_audit_dag.py
[2025-08-19T08:57:50.265+0000] {processor.py:840} INFO - DAG(s) 'data_audit_dag' retrieved from /opt/airflow/dags/data_audit_dag.py
[2025-08-19T08:57:50.308+0000] {logging_mixin.py:188} INFO - [2025-08-19T08:57:50.308+0000] {dag.py:3096} INFO - Sync 1 DAGs
[2025-08-19T08:57:50.344+0000] {logging_mixin.py:188} INFO - [2025-08-19T08:57:50.344+0000] {dag.py:3954} INFO - Setting next_dagrun for data_audit_dag to 2025-08-19 07:00:00+00:00, run_after=2025-08-19 08:00:00+00:00
[2025-08-19T08:57:50.380+0000] {processor.py:183} INFO - Processing /opt/airflow/dags/data_audit_dag.py took 0.176 seconds
[2025-08-19T08:58:20.483+0000] {processor.py:161} INFO - Started process (PID=20951) to work on /opt/airflow/dags/data_audit_dag.py
[2025-08-19T08:58:20.486+0000] {processor.py:830} INFO - Processing file /opt/airflow/dags/data_audit_dag.py for tasks to queue
[2025-08-19T08:58:20.490+0000] {logging_mixin.py:188} INFO - [2025-08-19T08:58:20.489+0000] {dagbag.py:545} INFO - Filling up the DagBag from /opt/airflow/dags/data_audit_dag.py
[2025-08-19T08:58:20.532+0000] {processor.py:840} INFO - DAG(s) 'data_audit_dag' retrieved from /opt/airflow/dags/data_audit_dag.py
[2025-08-19T08:58:20.570+0000] {logging_mixin.py:188} INFO - [2025-08-19T08:58:20.569+0000] {dag.py:3096} INFO - Sync 1 DAGs
[2025-08-19T08:58:20.602+0000] {logging_mixin.py:188} INFO - [2025-08-19T08:58:20.602+0000] {dag.py:3954} INFO - Setting next_dagrun for data_audit_dag to 2025-08-19 07:00:00+00:00, run_after=2025-08-19 08:00:00+00:00
[2025-08-19T08:58:20.634+0000] {processor.py:183} INFO - Processing /opt/airflow/dags/data_audit_dag.py took 0.164 seconds
[2025-08-19T08:58:51.645+0000] {processor.py:161} INFO - Started process (PID=21016) to work on /opt/airflow/dags/data_audit_dag.py
[2025-08-19T08:58:51.648+0000] {processor.py:830} INFO - Processing file /opt/airflow/dags/data_audit_dag.py for tasks to queue
[2025-08-19T08:58:51.655+0000] {logging_mixin.py:188} INFO - [2025-08-19T08:58:51.653+0000] {dagbag.py:545} INFO - Filling up the DagBag from /opt/airflow/dags/data_audit_dag.py
[2025-08-19T08:58:51.697+0000] {processor.py:840} INFO - DAG(s) 'data_audit_dag' retrieved from /opt/airflow/dags/data_audit_dag.py
[2025-08-19T08:58:51.760+0000] {logging_mixin.py:188} INFO - [2025-08-19T08:58:51.760+0000] {dag.py:3096} INFO - Sync 1 DAGs
[2025-08-19T08:58:51.808+0000] {logging_mixin.py:188} INFO - [2025-08-19T08:58:51.808+0000] {dag.py:3954} INFO - Setting next_dagrun for data_audit_dag to 2025-08-19 07:00:00+00:00, run_after=2025-08-19 08:00:00+00:00
[2025-08-19T08:58:51.853+0000] {processor.py:183} INFO - Processing /opt/airflow/dags/data_audit_dag.py took 0.221 seconds
[2025-08-19T08:59:22.754+0000] {processor.py:161} INFO - Started process (PID=21078) to work on /opt/airflow/dags/data_audit_dag.py
[2025-08-19T08:59:22.757+0000] {processor.py:830} INFO - Processing file /opt/airflow/dags/data_audit_dag.py for tasks to queue
[2025-08-19T08:59:22.759+0000] {logging_mixin.py:188} INFO - [2025-08-19T08:59:22.759+0000] {dagbag.py:545} INFO - Filling up the DagBag from /opt/airflow/dags/data_audit_dag.py
[2025-08-19T08:59:22.800+0000] {processor.py:840} INFO - DAG(s) 'data_audit_dag' retrieved from /opt/airflow/dags/data_audit_dag.py
[2025-08-19T08:59:22.851+0000] {logging_mixin.py:188} INFO - [2025-08-19T08:59:22.850+0000] {dag.py:3096} INFO - Sync 1 DAGs
[2025-08-19T08:59:22.896+0000] {logging_mixin.py:188} INFO - [2025-08-19T08:59:22.896+0000] {dag.py:3954} INFO - Setting next_dagrun for data_audit_dag to 2025-08-19 07:00:00+00:00, run_after=2025-08-19 08:00:00+00:00
[2025-08-19T08:59:22.947+0000] {processor.py:183} INFO - Processing /opt/airflow/dags/data_audit_dag.py took 0.210 seconds
[2025-08-19T08:59:53.520+0000] {processor.py:161} INFO - Started process (PID=21142) to work on /opt/airflow/dags/data_audit_dag.py
[2025-08-19T08:59:53.526+0000] {processor.py:830} INFO - Processing file /opt/airflow/dags/data_audit_dag.py for tasks to queue
[2025-08-19T08:59:53.532+0000] {logging_mixin.py:188} INFO - [2025-08-19T08:59:53.528+0000] {dagbag.py:545} INFO - Filling up the DagBag from /opt/airflow/dags/data_audit_dag.py
[2025-08-19T08:59:53.592+0000] {processor.py:840} INFO - DAG(s) 'data_audit_dag' retrieved from /opt/airflow/dags/data_audit_dag.py
[2025-08-19T08:59:53.727+0000] {logging_mixin.py:188} INFO - [2025-08-19T08:59:53.726+0000] {dag.py:3096} INFO - Sync 1 DAGs
[2025-08-19T08:59:53.803+0000] {logging_mixin.py:188} INFO - [2025-08-19T08:59:53.803+0000] {dag.py:3954} INFO - Setting next_dagrun for data_audit_dag to 2025-08-19 07:00:00+00:00, run_after=2025-08-19 08:00:00+00:00
[2025-08-19T08:59:53.885+0000] {processor.py:183} INFO - Processing /opt/airflow/dags/data_audit_dag.py took 0.391 seconds
[2025-08-19T09:00:24.946+0000] {processor.py:161} INFO - Started process (PID=21206) to work on /opt/airflow/dags/data_audit_dag.py
[2025-08-19T09:00:24.950+0000] {processor.py:830} INFO - Processing file /opt/airflow/dags/data_audit_dag.py for tasks to queue
[2025-08-19T09:00:24.954+0000] {logging_mixin.py:188} INFO - [2025-08-19T09:00:24.952+0000] {dagbag.py:545} INFO - Filling up the DagBag from /opt/airflow/dags/data_audit_dag.py
[2025-08-19T09:00:25.011+0000] {processor.py:840} INFO - DAG(s) 'data_audit_dag' retrieved from /opt/airflow/dags/data_audit_dag.py
[2025-08-19T09:00:25.076+0000] {logging_mixin.py:188} INFO - [2025-08-19T09:00:25.076+0000] {dag.py:3096} INFO - Sync 1 DAGs
[2025-08-19T09:00:25.134+0000] {logging_mixin.py:188} INFO - [2025-08-19T09:00:25.134+0000] {dag.py:3954} INFO - Setting next_dagrun for data_audit_dag to 2025-08-19 08:00:00+00:00, run_after=2025-08-19 09:00:00+00:00
[2025-08-19T09:00:25.186+0000] {processor.py:183} INFO - Processing /opt/airflow/dags/data_audit_dag.py took 0.263 seconds
[2025-08-19T09:00:55.517+0000] {processor.py:161} INFO - Started process (PID=21270) to work on /opt/airflow/dags/data_audit_dag.py
[2025-08-19T09:00:55.520+0000] {processor.py:830} INFO - Processing file /opt/airflow/dags/data_audit_dag.py for tasks to queue
[2025-08-19T09:00:55.522+0000] {logging_mixin.py:188} INFO - [2025-08-19T09:00:55.521+0000] {dagbag.py:545} INFO - Filling up the DagBag from /opt/airflow/dags/data_audit_dag.py
[2025-08-19T09:00:55.557+0000] {processor.py:840} INFO - DAG(s) 'data_audit_dag' retrieved from /opt/airflow/dags/data_audit_dag.py
[2025-08-19T09:00:55.601+0000] {logging_mixin.py:188} INFO - [2025-08-19T09:00:55.601+0000] {dag.py:3096} INFO - Sync 1 DAGs
[2025-08-19T09:00:55.642+0000] {logging_mixin.py:188} INFO - [2025-08-19T09:00:55.641+0000] {dag.py:3954} INFO - Setting next_dagrun for data_audit_dag to 2025-08-19 08:00:00+00:00, run_after=2025-08-19 09:00:00+00:00
[2025-08-19T09:00:55.679+0000] {processor.py:183} INFO - Processing /opt/airflow/dags/data_audit_dag.py took 0.173 seconds
[2025-08-19T09:05:30.153+0000] {processor.py:161} INFO - Started process (PID=65) to work on /opt/airflow/dags/data_audit_dag.py
[2025-08-19T09:05:30.159+0000] {processor.py:830} INFO - Processing file /opt/airflow/dags/data_audit_dag.py for tasks to queue
[2025-08-19T09:05:30.164+0000] {logging_mixin.py:188} INFO - [2025-08-19T09:05:30.163+0000] {dagbag.py:545} INFO - Filling up the DagBag from /opt/airflow/dags/data_audit_dag.py
[2025-08-19T09:05:30.248+0000] {processor.py:840} INFO - DAG(s) 'data_audit_dag' retrieved from /opt/airflow/dags/data_audit_dag.py
[2025-08-19T09:05:30.453+0000] {logging_mixin.py:188} INFO - [2025-08-19T09:05:30.451+0000] {dag.py:3096} INFO - Sync 1 DAGs
[2025-08-19T09:05:30.516+0000] {logging_mixin.py:188} INFO - [2025-08-19T09:05:30.515+0000] {dag.py:3954} INFO - Setting next_dagrun for data_audit_dag to 2025-08-19 09:00:00+00:00, run_after=2025-08-19 10:00:00+00:00
[2025-08-19T09:05:30.584+0000] {processor.py:183} INFO - Processing /opt/airflow/dags/data_audit_dag.py took 0.448 seconds
[2025-08-19T09:06:01.169+0000] {processor.py:161} INFO - Started process (PID=129) to work on /opt/airflow/dags/data_audit_dag.py
[2025-08-19T09:06:01.171+0000] {processor.py:830} INFO - Processing file /opt/airflow/dags/data_audit_dag.py for tasks to queue
[2025-08-19T09:06:01.177+0000] {logging_mixin.py:188} INFO - [2025-08-19T09:06:01.176+0000] {dagbag.py:545} INFO - Filling up the DagBag from /opt/airflow/dags/data_audit_dag.py
[2025-08-19T09:06:01.224+0000] {processor.py:840} INFO - DAG(s) 'data_audit_dag' retrieved from /opt/airflow/dags/data_audit_dag.py
[2025-08-19T09:06:01.277+0000] {logging_mixin.py:188} INFO - [2025-08-19T09:06:01.277+0000] {dag.py:3096} INFO - Sync 1 DAGs
[2025-08-19T09:06:01.335+0000] {logging_mixin.py:188} INFO - [2025-08-19T09:06:01.335+0000] {dag.py:3954} INFO - Setting next_dagrun for data_audit_dag to 2025-08-19 09:00:00+00:00, run_after=2025-08-19 10:00:00+00:00
[2025-08-19T09:06:01.383+0000] {processor.py:183} INFO - Processing /opt/airflow/dags/data_audit_dag.py took 0.230 seconds
[2025-08-19T09:07:38.892+0000] {processor.py:161} INFO - Started process (PID=178) to work on /opt/airflow/dags/data_audit_dag.py
[2025-08-19T09:07:38.898+0000] {processor.py:830} INFO - Processing file /opt/airflow/dags/data_audit_dag.py for tasks to queue
[2025-08-19T09:07:38.906+0000] {logging_mixin.py:188} INFO - [2025-08-19T09:07:38.903+0000] {dagbag.py:545} INFO - Filling up the DagBag from /opt/airflow/dags/data_audit_dag.py
[2025-08-19T09:07:39.023+0000] {processor.py:840} INFO - DAG(s) 'data_audit_dag' retrieved from /opt/airflow/dags/data_audit_dag.py
[2025-08-19T09:07:39.103+0000] {logging_mixin.py:188} INFO - [2025-08-19T09:07:39.102+0000] {dag.py:3096} INFO - Sync 1 DAGs
[2025-08-19T09:07:39.187+0000] {logging_mixin.py:188} INFO - [2025-08-19T09:07:39.187+0000] {dag.py:3954} INFO - Setting next_dagrun for data_audit_dag to 2025-08-19 09:00:00+00:00, run_after=2025-08-19 10:00:00+00:00
[2025-08-19T09:07:39.264+0000] {processor.py:183} INFO - Processing /opt/airflow/dags/data_audit_dag.py took 0.408 seconds
[2025-08-19T09:07:39.880+0000] {processor.py:161} INFO - Started process (PID=181) to work on /opt/airflow/dags/data_audit_dag.py
[2025-08-19T09:07:39.884+0000] {processor.py:830} INFO - Processing file /opt/airflow/dags/data_audit_dag.py for tasks to queue
[2025-08-19T09:07:39.888+0000] {logging_mixin.py:188} INFO - [2025-08-19T09:07:39.887+0000] {dagbag.py:545} INFO - Filling up the DagBag from /opt/airflow/dags/data_audit_dag.py
[2025-08-19T09:07:39.973+0000] {processor.py:840} INFO - DAG(s) 'data_audit_dag' retrieved from /opt/airflow/dags/data_audit_dag.py
[2025-08-19T09:07:40.178+0000] {logging_mixin.py:188} INFO - [2025-08-19T09:07:40.177+0000] {taskinstance.py:2907} ERROR - {'DAG Id': 'data_audit_dag', 'Task Id': 'data_pull_task', 'Run Id': 'scheduled__2025-08-19T08:00:00+00:00', 'Hostname': '37fc8edea13d', 'External Executor Id': '9084a680-5360-4c46-9542-a4c8bf59ce2d'}
[2025-08-19T09:07:40.267+0000] {logging_mixin.py:188} INFO - [2025-08-19T09:07:40.265+0000] {taskinstance.py:1206} INFO - Marking task as UP_FOR_RETRY. dag_id=data_audit_dag, task_id=data_pull_task, run_id=scheduled__2025-08-19T08:00:00+00:00, execution_date=20250819T080000, start_date=20250819T090121, end_date=20250819T090740
[2025-08-19T09:07:40.326+0000] {processor.py:791} INFO - Executed failure callback for <TaskInstance: data_audit_dag.data_pull_task scheduled__2025-08-19T08:00:00+00:00 [up_for_retry]> in state up_for_retry
[2025-08-19T09:07:40.342+0000] {logging_mixin.py:188} INFO - [2025-08-19T09:07:40.341+0000] {taskinstance.py:2907} ERROR - {'DAG Id': 'data_audit_dag', 'Task Id': 'data_pull_task', 'Run Id': 'manual__2025-08-19T09:00:59.680857+00:00', 'Hostname': '37fc8edea13d', 'External Executor Id': '701262d9-fbd2-4ab7-9b7d-a405a6209496'}
[2025-08-19T09:07:40.371+0000] {logging_mixin.py:188} INFO - [2025-08-19T09:07:40.370+0000] {taskinstance.py:1206} INFO - Marking task as UP_FOR_RETRY. dag_id=data_audit_dag, task_id=data_pull_task, run_id=manual__2025-08-19T09:00:59.680857+00:00, execution_date=20250819T090059, start_date=20250819T090121, end_date=20250819T090740
[2025-08-19T09:07:40.386+0000] {processor.py:791} INFO - Executed failure callback for <TaskInstance: data_audit_dag.data_pull_task manual__2025-08-19T09:00:59.680857+00:00 [up_for_retry]> in state up_for_retry
[2025-08-19T09:07:40.435+0000] {logging_mixin.py:188} INFO - [2025-08-19T09:07:40.434+0000] {dag.py:3096} INFO - Sync 1 DAGs
[2025-08-19T09:07:40.503+0000] {logging_mixin.py:188} INFO - [2025-08-19T09:07:40.502+0000] {dag.py:3954} INFO - Setting next_dagrun for data_audit_dag to 2025-08-19 09:00:00+00:00, run_after=2025-08-19 10:00:00+00:00
[2025-08-19T09:07:40.556+0000] {processor.py:183} INFO - Processing /opt/airflow/dags/data_audit_dag.py took 0.707 seconds
[2025-08-19T09:08:10.907+0000] {processor.py:161} INFO - Started process (PID=246) to work on /opt/airflow/dags/data_audit_dag.py
[2025-08-19T09:08:10.910+0000] {processor.py:830} INFO - Processing file /opt/airflow/dags/data_audit_dag.py for tasks to queue
[2025-08-19T09:08:10.912+0000] {logging_mixin.py:188} INFO - [2025-08-19T09:08:10.911+0000] {dagbag.py:545} INFO - Filling up the DagBag from /opt/airflow/dags/data_audit_dag.py
[2025-08-19T09:08:10.954+0000] {processor.py:840} INFO - DAG(s) 'data_audit_dag' retrieved from /opt/airflow/dags/data_audit_dag.py
[2025-08-19T09:08:10.996+0000] {logging_mixin.py:188} INFO - [2025-08-19T09:08:10.995+0000] {dag.py:3096} INFO - Sync 1 DAGs
[2025-08-19T09:08:11.037+0000] {logging_mixin.py:188} INFO - [2025-08-19T09:08:11.036+0000] {dag.py:3954} INFO - Setting next_dagrun for data_audit_dag to 2025-08-19 09:00:00+00:00, run_after=2025-08-19 10:00:00+00:00
[2025-08-19T09:08:11.080+0000] {processor.py:183} INFO - Processing /opt/airflow/dags/data_audit_dag.py took 0.183 seconds
[2025-08-19T09:08:41.252+0000] {processor.py:161} INFO - Started process (PID=310) to work on /opt/airflow/dags/data_audit_dag.py
[2025-08-19T09:08:41.254+0000] {processor.py:830} INFO - Processing file /opt/airflow/dags/data_audit_dag.py for tasks to queue
[2025-08-19T09:08:41.256+0000] {logging_mixin.py:188} INFO - [2025-08-19T09:08:41.255+0000] {dagbag.py:545} INFO - Filling up the DagBag from /opt/airflow/dags/data_audit_dag.py
[2025-08-19T09:08:41.296+0000] {processor.py:840} INFO - DAG(s) 'data_audit_dag' retrieved from /opt/airflow/dags/data_audit_dag.py
[2025-08-19T09:08:41.336+0000] {logging_mixin.py:188} INFO - [2025-08-19T09:08:41.335+0000] {dag.py:3096} INFO - Sync 1 DAGs
[2025-08-19T09:08:41.368+0000] {logging_mixin.py:188} INFO - [2025-08-19T09:08:41.368+0000] {dag.py:3954} INFO - Setting next_dagrun for data_audit_dag to 2025-08-19 09:00:00+00:00, run_after=2025-08-19 10:00:00+00:00
[2025-08-19T09:08:41.404+0000] {processor.py:183} INFO - Processing /opt/airflow/dags/data_audit_dag.py took 0.163 seconds
[2025-08-19T09:09:12.219+0000] {processor.py:161} INFO - Started process (PID=374) to work on /opt/airflow/dags/data_audit_dag.py
[2025-08-19T09:09:12.222+0000] {processor.py:830} INFO - Processing file /opt/airflow/dags/data_audit_dag.py for tasks to queue
[2025-08-19T09:09:12.225+0000] {logging_mixin.py:188} INFO - [2025-08-19T09:09:12.224+0000] {dagbag.py:545} INFO - Filling up the DagBag from /opt/airflow/dags/data_audit_dag.py
[2025-08-19T09:09:12.286+0000] {processor.py:840} INFO - DAG(s) 'data_audit_dag' retrieved from /opt/airflow/dags/data_audit_dag.py
[2025-08-19T09:09:12.353+0000] {logging_mixin.py:188} INFO - [2025-08-19T09:09:12.352+0000] {dag.py:3096} INFO - Sync 1 DAGs
[2025-08-19T09:09:12.416+0000] {logging_mixin.py:188} INFO - [2025-08-19T09:09:12.415+0000] {dag.py:3954} INFO - Setting next_dagrun for data_audit_dag to 2025-08-19 09:00:00+00:00, run_after=2025-08-19 10:00:00+00:00
[2025-08-19T09:09:12.456+0000] {processor.py:183} INFO - Processing /opt/airflow/dags/data_audit_dag.py took 0.253 seconds
[2025-08-19T09:09:42.858+0000] {processor.py:161} INFO - Started process (PID=437) to work on /opt/airflow/dags/data_audit_dag.py
[2025-08-19T09:09:42.864+0000] {processor.py:830} INFO - Processing file /opt/airflow/dags/data_audit_dag.py for tasks to queue
[2025-08-19T09:09:42.866+0000] {logging_mixin.py:188} INFO - [2025-08-19T09:09:42.865+0000] {dagbag.py:545} INFO - Filling up the DagBag from /opt/airflow/dags/data_audit_dag.py
[2025-08-19T09:09:42.915+0000] {processor.py:840} INFO - DAG(s) 'data_audit_dag' retrieved from /opt/airflow/dags/data_audit_dag.py
[2025-08-19T09:09:42.956+0000] {logging_mixin.py:188} INFO - [2025-08-19T09:09:42.956+0000] {dag.py:3096} INFO - Sync 1 DAGs
[2025-08-19T09:09:43.001+0000] {logging_mixin.py:188} INFO - [2025-08-19T09:09:43.001+0000] {dag.py:3954} INFO - Setting next_dagrun for data_audit_dag to 2025-08-19 09:00:00+00:00, run_after=2025-08-19 10:00:00+00:00
[2025-08-19T09:09:43.039+0000] {processor.py:183} INFO - Processing /opt/airflow/dags/data_audit_dag.py took 0.192 seconds
[2025-08-19T09:10:13.408+0000] {processor.py:161} INFO - Started process (PID=501) to work on /opt/airflow/dags/data_audit_dag.py
[2025-08-19T09:10:13.412+0000] {processor.py:830} INFO - Processing file /opt/airflow/dags/data_audit_dag.py for tasks to queue
[2025-08-19T09:10:13.416+0000] {logging_mixin.py:188} INFO - [2025-08-19T09:10:13.414+0000] {dagbag.py:545} INFO - Filling up the DagBag from /opt/airflow/dags/data_audit_dag.py
[2025-08-19T09:10:13.529+0000] {processor.py:840} INFO - DAG(s) 'data_audit_dag' retrieved from /opt/airflow/dags/data_audit_dag.py
[2025-08-19T09:10:13.624+0000] {logging_mixin.py:188} INFO - [2025-08-19T09:10:13.623+0000] {dag.py:3096} INFO - Sync 1 DAGs
[2025-08-19T09:10:13.728+0000] {logging_mixin.py:188} INFO - [2025-08-19T09:10:13.728+0000] {dag.py:3954} INFO - Setting next_dagrun for data_audit_dag to 2025-08-19 09:00:00+00:00, run_after=2025-08-19 10:00:00+00:00
[2025-08-19T09:10:13.821+0000] {processor.py:183} INFO - Processing /opt/airflow/dags/data_audit_dag.py took 0.433 seconds
[2025-08-19T09:10:44.672+0000] {processor.py:161} INFO - Started process (PID=571) to work on /opt/airflow/dags/data_audit_dag.py
[2025-08-19T09:10:44.677+0000] {processor.py:830} INFO - Processing file /opt/airflow/dags/data_audit_dag.py for tasks to queue
[2025-08-19T09:10:44.681+0000] {logging_mixin.py:188} INFO - [2025-08-19T09:10:44.680+0000] {dagbag.py:545} INFO - Filling up the DagBag from /opt/airflow/dags/data_audit_dag.py
[2025-08-19T09:10:44.749+0000] {processor.py:840} INFO - DAG(s) 'data_audit_dag' retrieved from /opt/airflow/dags/data_audit_dag.py
[2025-08-19T09:10:44.808+0000] {logging_mixin.py:188} INFO - [2025-08-19T09:10:44.807+0000] {dag.py:3096} INFO - Sync 1 DAGs
[2025-08-19T09:10:44.877+0000] {logging_mixin.py:188} INFO - [2025-08-19T09:10:44.877+0000] {dag.py:3954} INFO - Setting next_dagrun for data_audit_dag to 2025-08-19 09:00:00+00:00, run_after=2025-08-19 10:00:00+00:00
[2025-08-19T09:10:44.941+0000] {processor.py:183} INFO - Processing /opt/airflow/dags/data_audit_dag.py took 0.285 seconds
[2025-08-19T09:16:35.878+0000] {processor.py:161} INFO - Started process (PID=631) to work on /opt/airflow/dags/data_audit_dag.py
[2025-08-19T09:16:35.929+0000] {processor.py:830} INFO - Processing file /opt/airflow/dags/data_audit_dag.py for tasks to queue
[2025-08-19T09:16:35.939+0000] {logging_mixin.py:188} INFO - [2025-08-19T09:16:35.935+0000] {dagbag.py:545} INFO - Filling up the DagBag from /opt/airflow/dags/data_audit_dag.py
[2025-08-19T09:16:36.321+0000] {processor.py:840} INFO - DAG(s) 'data_audit_dag' retrieved from /opt/airflow/dags/data_audit_dag.py
[2025-08-19T09:16:36.637+0000] {logging_mixin.py:188} INFO - [2025-08-19T09:16:36.634+0000] {dag.py:3096} INFO - Sync 1 DAGs
[2025-08-19T09:16:37.296+0000] {logging_mixin.py:188} INFO - [2025-08-19T09:16:37.290+0000] {dag.py:3954} INFO - Setting next_dagrun for data_audit_dag to 2025-08-19 09:00:00+00:00, run_after=2025-08-19 10:00:00+00:00
[2025-08-19T09:16:37.597+0000] {processor.py:183} INFO - Processing /opt/airflow/dags/data_audit_dag.py took 2.086 seconds
[2025-08-19T09:17:19.829+0000] {processor.py:161} INFO - Started process (PID=698) to work on /opt/airflow/dags/data_audit_dag.py
[2025-08-19T09:17:19.845+0000] {processor.py:830} INFO - Processing file /opt/airflow/dags/data_audit_dag.py for tasks to queue
[2025-08-19T09:17:19.849+0000] {logging_mixin.py:188} INFO - [2025-08-19T09:17:19.848+0000] {dagbag.py:545} INFO - Filling up the DagBag from /opt/airflow/dags/data_audit_dag.py
[2025-08-19T09:17:20.058+0000] {processor.py:840} INFO - DAG(s) 'data_audit_dag' retrieved from /opt/airflow/dags/data_audit_dag.py
[2025-08-19T09:17:28.734+0000] {logging_mixin.py:188} INFO - [2025-08-19T09:17:28.732+0000] {dag.py:3096} INFO - Sync 1 DAGs
[2025-08-19T09:17:28.810+0000] {logging_mixin.py:188} INFO - [2025-08-19T09:17:28.809+0000] {dag.py:3954} INFO - Setting next_dagrun for data_audit_dag to 2025-08-19 09:00:00+00:00, run_after=2025-08-19 10:00:00+00:00
[2025-08-19T09:17:28.904+0000] {processor.py:183} INFO - Processing /opt/airflow/dags/data_audit_dag.py took 9.131 seconds
[2025-08-19T09:17:39.160+0000] {processor.py:161} INFO - Started process (PID=743) to work on /opt/airflow/dags/data_audit_dag.py
[2025-08-19T09:17:39.163+0000] {processor.py:830} INFO - Processing file /opt/airflow/dags/data_audit_dag.py for tasks to queue
[2025-08-19T09:17:39.165+0000] {logging_mixin.py:188} INFO - [2025-08-19T09:17:39.164+0000] {dagbag.py:545} INFO - Filling up the DagBag from /opt/airflow/dags/data_audit_dag.py
[2025-08-19T09:17:39.233+0000] {processor.py:840} INFO - DAG(s) 'data_audit_dag' retrieved from /opt/airflow/dags/data_audit_dag.py
[2025-08-19T09:17:39.300+0000] {logging_mixin.py:188} INFO - [2025-08-19T09:17:39.300+0000] {taskinstance.py:2907} ERROR - {'DAG Id': 'data_audit_dag', 'Task Id': 'validate_audit_task', 'Run Id': 'scheduled__2025-08-19T08:00:00+00:00', 'Hostname': '37fc8edea13d', 'External Executor Id': '0df3dc67-2533-4892-bbc8-b9120fd2b396'}
[2025-08-19T09:17:39.339+0000] {logging_mixin.py:188} INFO - [2025-08-19T09:17:39.339+0000] {taskinstance.py:1206} INFO - Marking task as UP_FOR_RETRY. dag_id=data_audit_dag, task_id=validate_audit_task, run_id=scheduled__2025-08-19T08:00:00+00:00, execution_date=20250819T080000, start_date=20250819T091702, end_date=20250819T091739
[2025-08-19T09:17:39.364+0000] {processor.py:791} INFO - Executed failure callback for <TaskInstance: data_audit_dag.validate_audit_task scheduled__2025-08-19T08:00:00+00:00 [up_for_retry]> in state up_for_retry
[2025-08-19T09:17:39.369+0000] {logging_mixin.py:188} INFO - [2025-08-19T09:17:39.368+0000] {taskinstance.py:2907} ERROR - {'DAG Id': 'data_audit_dag', 'Task Id': 'validate_audit_task', 'Run Id': 'manual__2025-08-19T09:00:59.680857+00:00', 'Hostname': '37fc8edea13d', 'External Executor Id': '413f0e39-d387-41f5-a975-fd719190023f'}
[2025-08-19T09:17:39.386+0000] {logging_mixin.py:188} INFO - [2025-08-19T09:17:39.385+0000] {taskinstance.py:1206} INFO - Marking task as UP_FOR_RETRY. dag_id=data_audit_dag, task_id=validate_audit_task, run_id=manual__2025-08-19T09:00:59.680857+00:00, execution_date=20250819T090059, start_date=20250819T091702, end_date=20250819T091739
[2025-08-19T09:17:39.396+0000] {processor.py:791} INFO - Executed failure callback for <TaskInstance: data_audit_dag.validate_audit_task manual__2025-08-19T09:00:59.680857+00:00 [up_for_retry]> in state up_for_retry
[2025-08-19T09:17:39.401+0000] {logging_mixin.py:188} INFO - [2025-08-19T09:17:39.400+0000] {taskinstance.py:2907} ERROR - {'DAG Id': 'data_audit_dag', 'Task Id': 'log_results_task', 'Run Id': 'manual__2025-08-19T09:05:52.580030+00:00', 'Hostname': '37fc8edea13d', 'External Executor Id': '89638a14-798b-4a68-b29e-7d3412a762b5'}
[2025-08-19T09:17:39.415+0000] {logging_mixin.py:188} INFO - [2025-08-19T09:17:39.415+0000] {taskinstance.py:1206} INFO - Marking task as UP_FOR_RETRY. dag_id=data_audit_dag, task_id=log_results_task, run_id=manual__2025-08-19T09:05:52.580030+00:00, execution_date=20250819T090552, start_date=20250819T091702, end_date=20250819T091739
[2025-08-19T09:17:39.425+0000] {processor.py:791} INFO - Executed failure callback for <TaskInstance: data_audit_dag.log_results_task manual__2025-08-19T09:05:52.580030+00:00 [up_for_retry]> in state up_for_retry
[2025-08-19T09:17:39.464+0000] {logging_mixin.py:188} INFO - [2025-08-19T09:17:39.464+0000] {dag.py:3096} INFO - Sync 1 DAGs
[2025-08-19T09:17:39.509+0000] {logging_mixin.py:188} INFO - [2025-08-19T09:17:39.508+0000] {dag.py:3954} INFO - Setting next_dagrun for data_audit_dag to 2025-08-19 09:00:00+00:00, run_after=2025-08-19 10:00:00+00:00
[2025-08-19T09:17:39.562+0000] {processor.py:183} INFO - Processing /opt/airflow/dags/data_audit_dag.py took 0.420 seconds
