[2025-08-19T07:42:29.870+0000] {local_task_job_runner.py:120} INFO - ::group::Pre task execution logs
[2025-08-19T07:42:29.910+0000] {taskinstance.py:2076} INFO - Dependencies all met for dep_context=non-requeueable deps ti=<TaskInstance: etl_pipeline_dag.transform_data manual__2025-08-19T07:42:02.216744+00:00 [queued]>
[2025-08-19T07:42:29.923+0000] {taskinstance.py:2076} INFO - Dependencies all met for dep_context=requeueable deps ti=<TaskInstance: etl_pipeline_dag.transform_data manual__2025-08-19T07:42:02.216744+00:00 [queued]>
[2025-08-19T07:42:29.924+0000] {taskinstance.py:2306} INFO - Starting attempt 1 of 1
[2025-08-19T07:42:29.945+0000] {taskinstance.py:2330} INFO - Executing <Task(BashOperator): transform_data> on 2025-08-19 07:42:02.216744+00:00
[2025-08-19T07:42:29.962+0000] {warnings.py:110} WARNING - /home/***/.local/lib/python3.12/site-packages/***/task/task_runner/standard_task_runner.py:61: DeprecationWarning: This process (pid=1435) is multi-threaded, use of fork() may lead to deadlocks in the child.
  pid = os.fork()

[2025-08-19T07:42:29.966+0000] {standard_task_runner.py:63} INFO - Started process 1437 to run task
[2025-08-19T07:42:29.966+0000] {standard_task_runner.py:90} INFO - Running: ['***', 'tasks', 'run', 'etl_pipeline_dag', 'transform_data', 'manual__2025-08-19T07:42:02.216744+00:00', '--job-id', '18', '--raw', '--subdir', 'DAGS_FOLDER/etl_pipeline_dag.py', '--cfg-path', '/tmp/tmp4q0ujfoi']
[2025-08-19T07:42:29.971+0000] {standard_task_runner.py:91} INFO - Job 18: Subtask transform_data
[2025-08-19T07:42:30.067+0000] {task_command.py:426} INFO - Running <TaskInstance: etl_pipeline_dag.transform_data manual__2025-08-19T07:42:02.216744+00:00 [running]> on host 37fc8edea13d
[2025-08-19T07:42:30.214+0000] {taskinstance.py:2648} INFO - Exporting env vars: AIRFLOW_CTX_DAG_OWNER='***' AIRFLOW_CTX_DAG_ID='etl_pipeline_dag' AIRFLOW_CTX_TASK_ID='transform_data' AIRFLOW_CTX_EXECUTION_DATE='2025-08-19T07:42:02.216744+00:00' AIRFLOW_CTX_TRY_NUMBER='1' AIRFLOW_CTX_DAG_RUN_ID='manual__2025-08-19T07:42:02.216744+00:00'
[2025-08-19T07:42:30.219+0000] {taskinstance.py:430} INFO - ::endgroup::
[2025-08-19T07:42:30.237+0000] {subprocess.py:63} INFO - Tmp dir root location: /tmp
[2025-08-19T07:42:30.240+0000] {subprocess.py:75} INFO - Running command: ['/usr/bin/bash', '-c', "cat /opt/***/dags/raw_data.txt | tr ',' '\n' | awk '{sum+=$1} END {print sum}' > /opt/***/dags/transformed_data.txt"]
[2025-08-19T07:42:30.284+0000] {subprocess.py:86} INFO - Output:
[2025-08-19T07:42:30.345+0000] {subprocess.py:97} INFO - Command exited with return code 0
[2025-08-19T07:42:30.348+0000] {taskinstance.py:441} INFO - ::group::Post task execution logs
[2025-08-19T07:42:30.394+0000] {taskinstance.py:1206} INFO - Marking task as SUCCESS. dag_id=etl_pipeline_dag, task_id=transform_data, run_id=manual__2025-08-19T07:42:02.216744+00:00, execution_date=20250819T074202, start_date=20250819T074229, end_date=20250819T074230
[2025-08-19T07:42:30.465+0000] {local_task_job_runner.py:240} INFO - Task exited with return code 0
[2025-08-19T07:42:30.498+0000] {taskinstance.py:3498} INFO - 1 downstream tasks scheduled from follow-on schedule check
[2025-08-19T07:42:30.502+0000] {local_task_job_runner.py:222} INFO - ::endgroup::
